2020-12-04 17:58:12.607 - INFO - 6349 - azureml.train.automl.automlconfig._start_execution:219 - No compute target or run config provided. Running local legacy run.
2020-12-04 17:58:12.609 - INFO - 6349 - azureml.train.automl.automlconfig._start_execution:259 - Submitting local legacy run.
2020-12-04 17:58:12.609 - INFO - 6349 - azureml.automl.core.package_utilities._log_activity:54 - ActivityStarted: PackagesCheck
2020-12-04 17:58:12.613 - INFO - 6349 - azureml.automl.core.package_utilities._has_versionconflict_or_not_installed:277 - Package: azureml-core, Version: 1.18.0 found.
2020-12-04 17:58:12.614 - INFO - 6349 - azureml.automl.core.package_utilities._has_versionconflict_or_not_installed:277 - Package: ipywidgets, Version: 7.5.1 found.
2020-12-04 17:58:12.615 - INFO - 6349 - azureml.automl.core.package_utilities._has_versionconflict_or_not_installed:277 - Package: azureml-telemetry, Version: 1.18.0 found.
2020-12-04 17:58:12.618 - INFO - 6349 - azureml.automl.core.package_utilities._has_versionconflict_or_not_installed:277 - Package: azureml-pipeline-core, Version: 1.18.0 found.
2020-12-04 17:58:12.618 - INFO - 6349 - azureml.automl.core.package_utilities._has_versionconflict_or_not_installed:277 - Package: azureml-train-core, Version: 1.18.0 found.
2020-12-04 17:58:12.619 - INFO - 6349 - azureml.automl.core.package_utilities._has_versionconflict_or_not_installed:277 - Package: azureml-train-automl-client, Version: 1.18.0 found.
2020-12-04 17:58:12.629 - INFO - 6349 - azureml.automl.core.package_utilities._has_versionconflict_or_not_installed:277 - Package: azureml-telemetry, Version: 1.18.0 found.
2020-12-04 17:58:12.629 - INFO - 6349 - azureml.automl.core.package_utilities._has_versionconflict_or_not_installed:277 - Package: azureml-dataset-runtime, Version: 1.18.0 found.
2020-12-04 17:58:12.631 - INFO - 6349 - azureml.automl.core.package_utilities._has_versionconflict_or_not_installed:277 - Package: azure-mgmt-keyvault, Version: 2.2.0 found.
2020-12-04 17:58:12.631 - INFO - 6349 - azureml.automl.core.package_utilities._has_versionconflict_or_not_installed:277 - Package: azure-common, Version: 1.1.25 found.
2020-12-04 17:58:12.631 - INFO - 6349 - azureml.automl.core.package_utilities._has_versionconflict_or_not_installed:277 - Package: msrestazure, Version: 0.6.4 found.
2020-12-04 17:58:12.632 - INFO - 6349 - azureml.automl.core.package_utilities._has_versionconflict_or_not_installed:277 - Package: pytz, Version: 2020.4 found.
2020-12-04 17:58:12.633 - INFO - 6349 - azureml.automl.core.package_utilities._has_versionconflict_or_not_installed:277 - Package: backports.tempfile, Version: 1.0 found.
2020-12-04 17:58:12.633 - INFO - 6349 - azureml.automl.core.package_utilities._has_versionconflict_or_not_installed:277 - Package: urllib3, Version: 1.25.11 found.
2020-12-04 17:58:12.633 - INFO - 6349 - azureml.automl.core.package_utilities._has_versionconflict_or_not_installed:277 - Package: cryptography, Version: 3.2.1 found.
2020-12-04 17:58:12.633 - INFO - 6349 - azureml.automl.core.package_utilities._has_versionconflict_or_not_installed:277 - Package: ruamel.yaml, Version: 0.16.12 found.
2020-12-04 17:58:12.633 - INFO - 6349 - azureml.automl.core.package_utilities._has_versionconflict_or_not_installed:277 - Package: jsonpickle, Version: 1.4.1 found.
2020-12-04 17:58:12.634 - INFO - 6349 - azureml.automl.core.package_utilities._has_versionconflict_or_not_installed:277 - Package: pyjwt, Version: 1.7.1 found.
2020-12-04 17:58:12.634 - INFO - 6349 - azureml.automl.core.package_utilities._has_versionconflict_or_not_installed:277 - Package: azure-mgmt-storage, Version: 11.2.0 found.
2020-12-04 17:58:12.635 - INFO - 6349 - azureml.automl.core.package_utilities._has_versionconflict_or_not_installed:277 - Package: azure-mgmt-resource, Version: 10.3.0 found.
2020-12-04 17:58:12.635 - INFO - 6349 - azureml.automl.core.package_utilities._has_versionconflict_or_not_installed:277 - Package: docker, Version: 4.3.1 found.
2020-12-04 17:58:12.635 - INFO - 6349 - azureml.automl.core.package_utilities._has_versionconflict_or_not_installed:277 - Package: adal, Version: 1.2.5 found.
2020-12-04 17:58:12.635 - INFO - 6349 - azureml.automl.core.package_utilities._has_versionconflict_or_not_installed:277 - Package: azure-graphrbac, Version: 0.61.1 found.
2020-12-04 17:58:12.636 - INFO - 6349 - azureml.automl.core.package_utilities._has_versionconflict_or_not_installed:277 - Package: pathspec, Version: 0.8.0 found.
2020-12-04 17:58:12.636 - INFO - 6349 - azureml.automl.core.package_utilities._has_versionconflict_or_not_installed:277 - Package: azure-mgmt-authorization, Version: 0.61.0 found.
2020-12-04 17:58:12.636 - INFO - 6349 - azureml.automl.core.package_utilities._has_versionconflict_or_not_installed:277 - Package: requests, Version: 2.24.0 found.
2020-12-04 17:58:12.637 - INFO - 6349 - azureml.automl.core.package_utilities._has_versionconflict_or_not_installed:277 - Package: msrest, Version: 0.6.19 found.
2020-12-04 17:58:12.637 - INFO - 6349 - azureml.automl.core.package_utilities._has_versionconflict_or_not_installed:277 - Package: ndg-httpsclient, Version: 0.5.1 found.
2020-12-04 17:58:12.637 - INFO - 6349 - azureml.automl.core.package_utilities._has_versionconflict_or_not_installed:277 - Package: jmespath, Version: 0.10.0 found.
2020-12-04 17:58:12.638 - INFO - 6349 - azureml.automl.core.package_utilities._has_versionconflict_or_not_installed:277 - Package: contextlib2, Version: 0.6.0.post1 found.
2020-12-04 17:58:12.638 - INFO - 6349 - azureml.automl.core.package_utilities._has_versionconflict_or_not_installed:277 - Package: pyopenssl, Version: 19.1.0 found.
2020-12-04 17:58:12.639 - INFO - 6349 - azureml.automl.core.package_utilities._has_versionconflict_or_not_installed:277 - Package: azure-mgmt-containerregistry, Version: 2.8.0 found.
2020-12-04 17:58:12.639 - INFO - 6349 - azureml.automl.core.package_utilities._has_versionconflict_or_not_installed:277 - Package: secretstorage, Version: 3.1.2 found.
2020-12-04 17:58:12.639 - INFO - 6349 - azureml.automl.core.package_utilities._has_versionconflict_or_not_installed:277 - Package: python-dateutil, Version: 2.8.1 found.
2020-12-04 17:58:12.657 - INFO - 6349 - azureml.automl.core.package_utilities._has_versionconflict_or_not_installed:277 - Package: azureml-core, Version: 1.18.0 found.
2020-12-04 17:58:12.657 - INFO - 6349 - azureml.automl.core.package_utilities._has_versionconflict_or_not_installed:277 - Package: statsmodels, Version: 0.10.2 found.
2020-12-04 17:58:12.657 - INFO - 6349 - azureml.automl.core.package_utilities._has_versionconflict_or_not_installed:277 - Package: boto3, Version: 1.15.18 found.
2020-12-04 17:58:12.657 - INFO - 6349 - azureml.automl.core.package_utilities._has_versionconflict_or_not_installed:277 - Package: sklearn-pandas, Version: 1.7.0 found.
2020-12-04 17:58:12.658 - INFO - 6349 - azureml.automl.core.package_utilities._has_versionconflict_or_not_installed:277 - Package: azure-storage-queue, Version: 12.1.3 found.
2020-12-04 17:58:12.658 - INFO - 6349 - azureml.automl.core.package_utilities._has_versionconflict_or_not_installed:277 - Package: jinja2, Version: 2.11.2 found.
2020-12-04 17:58:12.658 - INFO - 6349 - azureml.automl.core.package_utilities._has_versionconflict_or_not_installed:277 - Package: gensim, Version: 3.8.3 found.
2020-12-04 17:58:12.658 - INFO - 6349 - azureml.automl.core.package_utilities._has_versionconflict_or_not_installed:277 - Package: onnxconverter-common, Version: 1.6.0 found.
2020-12-04 17:58:12.658 - INFO - 6349 - azureml.automl.core.package_utilities._has_versionconflict_or_not_installed:277 - Package: azureml-train-automl-client, Version: 1.18.0 found.
2020-12-04 17:58:12.658 - INFO - 6349 - azureml.automl.core.package_utilities._has_versionconflict_or_not_installed:277 - Package: azureml-telemetry, Version: 1.18.0 found.
2020-12-04 17:58:12.659 - INFO - 6349 - azureml.automl.core.package_utilities._has_versionconflict_or_not_installed:277 - Package: azureml-dataset-runtime, Version: 1.18.0 found.
2020-12-04 17:58:12.659 - INFO - 6349 - azureml.automl.core.package_utilities._has_versionconflict_or_not_installed:277 - Package: scikit-learn, Version: 0.22.2.post1 found.
2020-12-04 17:58:12.659 - INFO - 6349 - azureml.automl.core.package_utilities._has_versionconflict_or_not_installed:277 - Package: smart-open, Version: 1.9.0 found.
2020-12-04 17:58:12.659 - INFO - 6349 - azureml.automl.core.package_utilities._has_versionconflict_or_not_installed:277 - Package: lightgbm, Version: 2.3.0 found.
2020-12-04 17:58:12.659 - INFO - 6349 - azureml.automl.core.package_utilities._has_versionconflict_or_not_installed:277 - Package: azureml-interpret, Version: 1.18.0 found.
2020-12-04 17:58:12.659 - INFO - 6349 - azureml.automl.core.package_utilities._has_versionconflict_or_not_installed:277 - Package: onnxruntime, Version: 1.3.0 found.
2020-12-04 17:58:12.660 - INFO - 6349 - azureml.automl.core.package_utilities._has_versionconflict_or_not_installed:277 - Package: azureml-defaults, Version: 1.18.0 found.
2020-12-04 17:58:12.660 - INFO - 6349 - azureml.automl.core.package_utilities._has_versionconflict_or_not_installed:277 - Package: onnxmltools, Version: 1.4.1 found.
2020-12-04 17:58:12.660 - INFO - 6349 - azureml.automl.core.package_utilities._has_versionconflict_or_not_installed:277 - Package: scipy, Version: 1.5.2 found.
2020-12-04 17:58:12.660 - INFO - 6349 - azureml.automl.core.package_utilities._has_versionconflict_or_not_installed:277 - Package: keras2onnx, Version: 1.6.0 found.
2020-12-04 17:58:12.661 - INFO - 6349 - azureml.automl.core.package_utilities._has_versionconflict_or_not_installed:277 - Package: pandas, Version: 0.25.3 found.
2020-12-04 17:58:12.661 - INFO - 6349 - azureml.automl.core.package_utilities._has_versionconflict_or_not_installed:277 - Package: skl2onnx, Version: 1.4.9 found.
2020-12-04 17:58:12.661 - INFO - 6349 - azureml.automl.core.package_utilities._has_versionconflict_or_not_installed:277 - Package: azureml-automl-core, Version: 1.18.0 found.
2020-12-04 17:58:12.661 - INFO - 6349 - azureml.automl.core.package_utilities._has_versionconflict_or_not_installed:277 - Package: onnx, Version: 1.7.0 found.
2020-12-04 17:58:12.661 - INFO - 6349 - azureml.automl.core.package_utilities._has_versionconflict_or_not_installed:277 - Package: azureml-automl-runtime, Version: 1.18.0 found.
2020-12-04 17:58:12.661 - INFO - 6349 - azureml.automl.core.package_utilities._has_versionconflict_or_not_installed:277 - Package: numpy, Version: 1.18.5 found.
2020-12-04 17:58:12.662 - INFO - 6349 - azureml.automl.core.package_utilities._has_versionconflict_or_not_installed:277 - Package: botocore, Version: 1.18.18 found.
2020-12-04 17:58:12.662 - INFO - 6349 - azureml.automl.core.package_utilities._has_versionconflict_or_not_installed:277 - Package: azureml-core, Version: 1.18.0 found.
2020-12-04 17:58:12.662 - INFO - 6349 - azureml.automl.core.package_utilities._has_versionconflict_or_not_installed:277 - Package: azureml-dataprep-rslex, Version: 1.2.2 found.
2020-12-04 17:58:12.662 - INFO - 6349 - azureml.automl.core.package_utilities._has_versionconflict_or_not_installed:277 - Package: azureml-dataprep-native, Version: 24.0.0 found.
2020-12-04 17:58:12.662 - INFO - 6349 - azureml.automl.core.package_utilities._has_versionconflict_or_not_installed:277 - Package: cloudpickle, Version: 1.6.0 found.
2020-12-04 17:58:12.662 - INFO - 6349 - azureml.automl.core.package_utilities._has_versionconflict_or_not_installed:277 - Package: azure-identity, Version: 1.4.1 found.
2020-12-04 17:58:12.663 - INFO - 6349 - azureml.automl.core.package_utilities._has_versionconflict_or_not_installed:277 - Package: dotnetcore2, Version: 2.1.17 found.
2020-12-04 17:58:12.678 - INFO - 6349 - azureml.automl.core.package_utilities._has_versionconflict_or_not_installed:277 - Package: statsmodels, Version: 0.10.2 found.
2020-12-04 17:58:12.679 - INFO - 6349 - azureml.automl.core.package_utilities._has_versionconflict_or_not_installed:277 - Package: boto3, Version: 1.15.18 found.
2020-12-04 17:58:12.679 - INFO - 6349 - azureml.automl.core.package_utilities._has_versionconflict_or_not_installed:277 - Package: sklearn-pandas, Version: 1.7.0 found.
2020-12-04 17:58:12.679 - INFO - 6349 - azureml.automl.core.package_utilities._has_versionconflict_or_not_installed:277 - Package: nimbusml, Version: 1.8.0 found.
2020-12-04 17:58:12.679 - INFO - 6349 - azureml.automl.core.package_utilities._has_versionconflict_or_not_installed:277 - Package: pmdarima, Version: 1.1.1 found.
2020-12-04 17:58:12.679 - INFO - 6349 - azureml.automl.core.package_utilities._has_versionconflict_or_not_installed:277 - Package: joblib, Version: 0.14.1 found.
2020-12-04 17:58:12.680 - INFO - 6349 - azureml.automl.core.package_utilities._has_versionconflict_or_not_installed:277 - Package: dill, Version: 0.3.3 found.
2020-12-04 17:58:12.680 - INFO - 6349 - azureml.automl.core.package_utilities._has_versionconflict_or_not_installed:277 - Package: azureml-dataset-runtime, Version: 1.18.0 found.
2020-12-04 17:58:12.683 - INFO - 6349 - azureml.automl.core.package_utilities._has_versionconflict_or_not_installed:277 - Package: gensim, Version: 3.8.3 found.
2020-12-04 17:58:12.683 - INFO - 6349 - azureml.automl.core.package_utilities._has_versionconflict_or_not_installed:277 - Package: onnxconverter-common, Version: 1.6.0 found.
2020-12-04 17:58:12.686 - INFO - 6349 - azureml.automl.core.package_utilities._has_versionconflict_or_not_installed:277 - Package: scikit-learn, Version: 0.22.2.post1 found.
2020-12-04 17:58:12.687 - INFO - 6349 - azureml.automl.core.package_utilities._has_versionconflict_or_not_installed:277 - Package: smart-open, Version: 1.9.0 found.
2020-12-04 17:58:12.687 - INFO - 6349 - azureml.automl.core.package_utilities._has_versionconflict_or_not_installed:277 - Package: lightgbm, Version: 2.3.0 found.
2020-12-04 17:58:12.687 - INFO - 6349 - azureml.automl.core.package_utilities._has_versionconflict_or_not_installed:277 - Package: onnxruntime, Version: 1.3.0 found.
2020-12-04 17:58:12.687 - INFO - 6349 - azureml.automl.core.package_utilities._has_versionconflict_or_not_installed:277 - Package: psutil, Version: 5.7.3 found.
2020-12-04 17:58:12.687 - INFO - 6349 - azureml.automl.core.package_utilities._has_versionconflict_or_not_installed:277 - Package: onnxmltools, Version: 1.4.1 found.
2020-12-04 17:58:12.687 - INFO - 6349 - azureml.automl.core.package_utilities._has_versionconflict_or_not_installed:277 - Package: scipy, Version: 1.5.2 found.
2020-12-04 17:58:12.688 - INFO - 6349 - azureml.automl.core.package_utilities._has_versionconflict_or_not_installed:277 - Package: keras2onnx, Version: 1.6.0 found.
2020-12-04 17:58:12.688 - INFO - 6349 - azureml.automl.core.package_utilities._has_versionconflict_or_not_installed:277 - Package: pandas, Version: 0.25.3 found.
2020-12-04 17:58:12.688 - INFO - 6349 - azureml.automl.core.package_utilities._has_versionconflict_or_not_installed:277 - Package: skl2onnx, Version: 1.4.9 found.
2020-12-04 17:58:12.688 - INFO - 6349 - azureml.automl.core.package_utilities._has_versionconflict_or_not_installed:277 - Package: azureml-automl-core, Version: 1.18.0 found.
2020-12-04 17:58:12.688 - INFO - 6349 - azureml.automl.core.package_utilities._has_versionconflict_or_not_installed:277 - Package: onnx, Version: 1.7.0 found.
2020-12-04 17:58:12.688 - INFO - 6349 - azureml.automl.core.package_utilities._has_versionconflict_or_not_installed:277 - Package: py-cpuinfo, Version: 5.0.0 found.
2020-12-04 17:58:12.689 - INFO - 6349 - azureml.automl.core.package_utilities._has_versionconflict_or_not_installed:277 - Package: numpy, Version: 1.18.5 found.
2020-12-04 17:58:12.689 - INFO - 6349 - azureml.automl.core.package_utilities._has_versionconflict_or_not_installed:277 - Package: botocore, Version: 1.18.18 found.
2020-12-04 17:58:12.699 - INFO - 6349 - azureml.automl.core.package_utilities._has_versionconflict_or_not_installed:277 - Package: interpret-community, Version: 0.15.3 found.
2020-12-04 17:58:12.699 - INFO - 6349 - azureml.automl.core.package_utilities._has_versionconflict_or_not_installed:277 - Package: msrest, Version: 0.6.19 found.
2020-12-04 17:58:12.700 - INFO - 6349 - azureml.automl.core.package_utilities._has_versionconflict_or_not_installed:277 - Package: requests, Version: 2.24.0 found.
2020-12-04 17:58:12.700 - INFO - 6349 - azureml.automl.core.package_utilities._has_versionconflict_or_not_installed:277 - Package: msrestazure, Version: 0.6.4 found.
2020-12-04 17:58:12.709 - INFO - 6349 - azureml.automl.core.package_utilities._has_versionconflict_or_not_installed:277 - Package: azureml-model-management-sdk, Version: 1.0.1b6.post1 found.
2020-12-04 17:58:12.709 - INFO - 6349 - azureml.automl.core.package_utilities._has_versionconflict_or_not_installed:277 - Package: json-logging-py, Version: 0.2 found.
2020-12-04 17:58:12.709 - INFO - 6349 - azureml.automl.core.package_utilities._has_versionconflict_or_not_installed:277 - Package: azureml-core, Version: 1.18.0 found.
2020-12-04 17:58:12.709 - INFO - 6349 - azureml.automl.core.package_utilities._has_versionconflict_or_not_installed:277 - Package: configparser, Version: 3.7.4 found.
2020-12-04 17:58:12.709 - INFO - 6349 - azureml.automl.core.package_utilities._has_versionconflict_or_not_installed:277 - Package: azureml-dataset-runtime, Version: 1.18.0 found.
2020-12-04 17:58:12.710 - INFO - 6349 - azureml.automl.core.package_utilities._has_versionconflict_or_not_installed:277 - Package: gunicorn, Version: 19.9.0 found.
2020-12-04 17:58:12.710 - INFO - 6349 - azureml.automl.core.package_utilities._has_versionconflict_or_not_installed:277 - Package: werkzeug, Version: 1.0.1 found.
2020-12-04 17:58:12.710 - INFO - 6349 - azureml.automl.core.package_utilities._has_versionconflict_or_not_installed:277 - Package: applicationinsights, Version: 0.11.9 found.
2020-12-04 17:58:12.711 - INFO - 6349 - azureml.automl.core.package_utilities._has_versionconflict_or_not_installed:277 - Package: flask, Version: 1.0.3 found.
2020-12-04 17:58:12.711 - INFO - 6349 - azureml.automl.core.package_utilities._has_versionconflict_or_not_installed:277 - Package: azureml-core, Version: 1.18.0 found.
2020-12-04 17:58:12.711 - INFO - 6349 - azureml.automl.core.package_utilities._has_versionconflict_or_not_installed:277 - Package: azureml-train-restclients-hyperdrive, Version: 1.18.0 found.
2020-12-04 17:58:12.711 - INFO - 6349 - azureml.automl.core.package_utilities._has_versionconflict_or_not_installed:277 - Package: azureml-telemetry, Version: 1.18.0 found.
2020-12-04 17:58:12.711 - INFO - 6349 - azureml.automl.core.package_utilities._has_versionconflict_or_not_installed:277 - Package: azureml-automl-core, Version: 1.18.0 found.
2020-12-04 17:58:12.713 - INFO - 6349 - azureml.automl.core.package_utilities._has_versionconflict_or_not_installed:277 - Package: azureml-core, Version: 1.18.0 found.
2020-12-04 17:58:12.714 - INFO - 6349 - azureml.automl.core.package_utilities._has_versionconflict_or_not_installed:277 - Package: azureml-telemetry, Version: 1.18.0 found.
2020-12-04 17:58:12.714 - INFO - 6349 - azureml.automl.core.package_utilities._has_versionconflict_or_not_installed:277 - Package: azureml-dataset-runtime, Version: 1.18.0 found.
2020-12-04 17:58:12.714 - INFO - 6349 - azureml.automl.core.package_utilities._has_versionconflict_or_not_installed:277 - Package: applicationinsights, Version: 0.11.9 found.
2020-12-04 17:58:12.714 - INFO - 6349 - azureml.automl.core.package_utilities._has_versionconflict_or_not_installed:277 - Package: azureml-core, Version: 1.18.0 found.
2020-12-04 17:58:12.714 - INFO - 6349 - azureml.automl.core.package_utilities._get_package_incompatibilities:401 - Verified requirements file validated_linux_requirements.txt found.
2020-12-04 17:58:12.854 - WARNING - 6349 - azureml.automl.core.package_utilities._all_dependencies_conda_list:339 - subprocess failed to get dependencies list from conda
2020-12-04 17:58:12.855 - INFO - 6349 - azureml.automl.core.package_utilities._has_versionconflict_or_not_installed:277 - Package: adal, Version: 1.2.5 found.
2020-12-04 17:58:12.855 - INFO - 6349 - azureml.automl.core.package_utilities._has_versionconflict_or_not_installed:277 - Package: applicationinsights, Version: 0.11.9 found.
2020-12-04 17:58:12.855 - INFO - 6349 - azureml.automl.core.package_utilities._has_versionconflict_or_not_installed:277 - Package: azure-common, Version: 1.1.25 found.
2020-12-04 17:58:12.855 - INFO - 6349 - azureml.automl.core.package_utilities._has_versionconflict_or_not_installed:277 - Package: azure-core, Version: 1.8.2 found.
2020-12-04 17:58:12.855 - INFO - 6349 - azureml.automl.core.package_utilities._has_versionconflict_or_not_installed:277 - Package: azure-graphrbac, Version: 0.61.1 found.
2020-12-04 17:58:12.856 - INFO - 6349 - azureml.automl.core.package_utilities._has_versionconflict_or_not_installed:277 - Package: azure-identity, Version: 1.4.1 found.
2020-12-04 17:58:12.857 - INFO - 6349 - azureml.automl.core.package_utilities._has_versionconflict_or_not_installed:277 - Package: azure-mgmt-authorization, Version: 0.61.0 found.
2020-12-04 17:58:12.857 - INFO - 6349 - azureml.automl.core.package_utilities._has_versionconflict_or_not_installed:277 - Package: azure-mgmt-containerregistry, Version: 2.8.0 found.
2020-12-04 17:58:12.858 - INFO - 6349 - azureml.automl.core.package_utilities._has_versionconflict_or_not_installed:277 - Package: azure-mgmt-keyvault, Version: 2.2.0 found.
2020-12-04 17:58:12.858 - INFO - 6349 - azureml.automl.core.package_utilities._has_versionconflict_or_not_installed:277 - Package: azure-mgmt-resource, Version: 10.3.0 found.
2020-12-04 17:58:12.860 - INFO - 6349 - azureml.automl.core.package_utilities._has_versionconflict_or_not_installed:277 - Package: azure-mgmt-storage, Version: 11.2.0 found.
2020-12-04 17:58:12.860 - INFO - 6349 - azureml.automl.core.package_utilities._has_versionconflict_or_not_installed:277 - Package: azure-storage-queue, Version: 12.1.3 found.
2020-12-04 17:58:12.861 - INFO - 6349 - azureml.automl.core.package_utilities._has_versionconflict_or_not_installed:277 - Package: backports.tempfile, Version: 1.0 found.
2020-12-04 17:58:12.861 - INFO - 6349 - azureml.automl.core.package_utilities._has_versionconflict_or_not_installed:277 - Package: backports.weakref, Version: 1.0.post1 found.
2020-12-04 17:58:12.862 - INFO - 6349 - azureml.automl.core.package_utilities._has_versionconflict_or_not_installed:277 - Package: boto3, Version: 1.15.18 found.
2020-12-04 17:58:12.862 - INFO - 6349 - azureml.automl.core.package_utilities._has_versionconflict_or_not_installed:277 - Package: boto, Version: 2.49.0 found.
2020-12-04 17:58:12.863 - INFO - 6349 - azureml.automl.core.package_utilities._has_versionconflict_or_not_installed:277 - Package: botocore, Version: 1.18.18 found.
2020-12-04 17:58:12.863 - INFO - 6349 - azureml.automl.core.package_utilities._has_versionconflict_or_not_installed:277 - Package: certifi, Version: 2020.6.20 found.
2020-12-04 17:58:12.864 - INFO - 6349 - azureml.automl.core.package_utilities._has_versionconflict_or_not_installed:277 - Package: cffi, Version: 1.14.3 found.
2020-12-04 17:58:12.864 - INFO - 6349 - azureml.automl.core.package_utilities._has_versionconflict_or_not_installed:277 - Package: chardet, Version: 3.0.4 found.
2020-12-04 17:58:12.865 - INFO - 6349 - azureml.automl.core.package_utilities._has_versionconflict_or_not_installed:277 - Package: click, Version: 7.1.2 found.
2020-12-04 17:58:12.865 - INFO - 6349 - azureml.automl.core.package_utilities._has_versionconflict_or_not_installed:277 - Package: cloudpickle, Version: 1.6.0 found.
2020-12-04 17:58:12.865 - INFO - 6349 - azureml.automl.core.package_utilities._has_versionconflict_or_not_installed:277 - Package: configparser, Version: 3.7.4 found.
2020-12-04 17:58:12.866 - INFO - 6349 - azureml.automl.core.package_utilities._has_versionconflict_or_not_installed:277 - Package: contextlib2, Version: 0.6.0.post1 found.
2020-12-04 17:58:12.866 - INFO - 6349 - azureml.automl.core.package_utilities._has_versionconflict_or_not_installed:277 - Package: cryptography, Version: 3.2.1 found.
2020-12-04 17:58:12.867 - INFO - 6349 - azureml.automl.core.package_utilities._has_versionconflict_or_not_installed:277 - Package: cython, Version: 0.29.21 found.
2020-12-04 17:58:12.867 - INFO - 6349 - azureml.automl.core.package_utilities._has_versionconflict_or_not_installed:277 - Package: dill, Version: 0.3.3 found.
2020-12-04 17:58:12.868 - INFO - 6349 - azureml.automl.core.package_utilities._has_versionconflict_or_not_installed:277 - Package: distro, Version: 1.5.0 found.
2020-12-04 17:58:12.868 - INFO - 6349 - azureml.automl.core.package_utilities._has_versionconflict_or_not_installed:277 - Package: docker, Version: 4.3.1 found.
2020-12-04 17:58:12.868 - INFO - 6349 - azureml.automl.core.package_utilities._has_versionconflict_or_not_installed:277 - Package: dotnetcore2, Version: 2.1.17 found.
2020-12-04 17:58:12.868 - INFO - 6349 - azureml.automl.core.package_utilities._has_versionconflict_or_not_installed:277 - Package: fire, Version: 0.3.1 found.
2020-12-04 17:58:12.869 - INFO - 6349 - azureml.automl.core.package_utilities._has_versionconflict_or_not_installed:277 - Package: flask, Version: 1.0.3 found.
2020-12-04 17:58:12.869 - INFO - 6349 - azureml.automl.core.package_utilities._has_versionconflict_or_not_installed:277 - Package: fusepy, Version: 3.0.1 found.
2020-12-04 17:58:12.869 - INFO - 6349 - azureml.automl.core.package_utilities._has_versionconflict_or_not_installed:277 - Package: gensim, Version: 3.8.3 found.
2020-12-04 17:58:12.869 - INFO - 6349 - azureml.automl.core.package_utilities._has_versionconflict_or_not_installed:277 - Package: gunicorn, Version: 19.9.0 found.
2020-12-04 17:58:12.869 - INFO - 6349 - azureml.automl.core.package_utilities._has_versionconflict_or_not_installed:277 - Package: idna, Version: 2.10 found.
2020-12-04 17:58:12.869 - INFO - 6349 - azureml.automl.core.package_utilities._has_versionconflict_or_not_installed:277 - Package: importlib-metadata, Version: 2.0.0 found.
2020-12-04 17:58:12.870 - INFO - 6349 - azureml.automl.core.package_utilities._has_versionconflict_or_not_installed:277 - Package: interpret-community, Version: 0.15.3 found.
2020-12-04 17:58:12.870 - INFO - 6349 - azureml.automl.core.package_utilities._has_versionconflict_or_not_installed:277 - Package: interpret-core, Version: 0.2.1 found.
2020-12-04 17:58:12.870 - INFO - 6349 - azureml.automl.core.package_utilities._has_versionconflict_or_not_installed:277 - Package: isodate, Version: 0.6.0 found.
2020-12-04 17:58:12.871 - INFO - 6349 - azureml.automl.core.package_utilities._has_versionconflict_or_not_installed:277 - Package: itsdangerous, Version: 1.1.0 found.
2020-12-04 17:58:12.871 - INFO - 6349 - azureml.automl.core.package_utilities._has_versionconflict_or_not_installed:277 - Package: jeepney, Version: 0.4.3 found.
2020-12-04 17:58:12.871 - INFO - 6349 - azureml.automl.core.package_utilities._has_versionconflict_or_not_installed:277 - Package: jinja2, Version: 2.11.2 found.
2020-12-04 17:58:12.871 - INFO - 6349 - azureml.automl.core.package_utilities._has_versionconflict_or_not_installed:277 - Package: jmespath, Version: 0.10.0 found.
2020-12-04 17:58:12.872 - INFO - 6349 - azureml.automl.core.package_utilities._has_versionconflict_or_not_installed:277 - Package: joblib, Version: 0.14.1 found.
2020-12-04 17:58:12.872 - INFO - 6349 - azureml.automl.core.package_utilities._has_versionconflict_or_not_installed:277 - Package: json-logging-py, Version: 0.2 found.
2020-12-04 17:58:12.872 - INFO - 6349 - azureml.automl.core.package_utilities._has_versionconflict_or_not_installed:277 - Package: jsonpickle, Version: 1.4.1 found.
2020-12-04 17:58:12.873 - INFO - 6349 - azureml.automl.core.package_utilities._has_versionconflict_or_not_installed:277 - Package: keras2onnx, Version: 1.6.0 found.
2020-12-04 17:58:12.874 - INFO - 6349 - azureml.automl.core.package_utilities._has_versionconflict_or_not_installed:277 - Package: liac-arff, Version: 2.5.0 found.
2020-12-04 17:58:12.874 - INFO - 6349 - azureml.automl.core.package_utilities._has_versionconflict_or_not_installed:277 - Package: lightgbm, Version: 2.3.0 found.
2020-12-04 17:58:12.875 - INFO - 6349 - azureml.automl.core.package_utilities._has_versionconflict_or_not_installed:277 - Package: markupsafe, Version: 1.1.1 found.
2020-12-04 17:58:12.875 - INFO - 6349 - azureml.automl.core.package_utilities._has_versionconflict_or_not_installed:277 - Package: msal-extensions, Version: 0.2.2 found.
2020-12-04 17:58:12.875 - INFO - 6349 - azureml.automl.core.package_utilities._has_versionconflict_or_not_installed:277 - Package: msal, Version: 1.6.0 found.
2020-12-04 17:58:12.875 - INFO - 6349 - azureml.automl.core.package_utilities._has_versionconflict_or_not_installed:277 - Package: msrest, Version: 0.6.19 found.
2020-12-04 17:58:12.876 - INFO - 6349 - azureml.automl.core.package_utilities._has_versionconflict_or_not_installed:277 - Package: msrestazure, Version: 0.6.4 found.
2020-12-04 17:58:12.876 - INFO - 6349 - azureml.automl.core.package_utilities._has_versionconflict_or_not_installed:277 - Package: ndg-httpsclient, Version: 0.5.1 found.
2020-12-04 17:58:12.876 - INFO - 6349 - azureml.automl.core.package_utilities._has_versionconflict_or_not_installed:277 - Package: nimbusml, Version: 1.8.0 found.
2020-12-04 17:58:12.876 - INFO - 6349 - azureml.automl.core.package_utilities._has_versionconflict_or_not_installed:277 - Package: numpy, Version: 1.18.5 found.
2020-12-04 17:58:12.876 - INFO - 6349 - azureml.automl.core.package_utilities._has_versionconflict_or_not_installed:277 - Package: oauthlib, Version: 3.1.0 found.
2020-12-04 17:58:12.876 - INFO - 6349 - azureml.automl.core.package_utilities._has_versionconflict_or_not_installed:277 - Package: onnx, Version: 1.7.0 found.
2020-12-04 17:58:12.876 - INFO - 6349 - azureml.automl.core.package_utilities._has_versionconflict_or_not_installed:277 - Package: onnxconverter-common, Version: 1.6.0 found.
2020-12-04 17:58:12.877 - INFO - 6349 - azureml.automl.core.package_utilities._has_versionconflict_or_not_installed:277 - Package: onnxmltools, Version: 1.4.1 found.
2020-12-04 17:58:12.877 - INFO - 6349 - azureml.automl.core.package_utilities._has_versionconflict_or_not_installed:277 - Package: onnxruntime, Version: 1.3.0 found.
2020-12-04 17:58:12.878 - INFO - 6349 - azureml.automl.core.package_utilities._has_versionconflict_or_not_installed:277 - Package: packaging, Version: 20.4 found.
2020-12-04 17:58:12.878 - INFO - 6349 - azureml.automl.core.package_utilities._has_versionconflict_or_not_installed:277 - Package: pandas, Version: 0.25.3 found.
2020-12-04 17:58:12.878 - INFO - 6349 - azureml.automl.core.package_utilities._has_versionconflict_or_not_installed:277 - Package: pathspec, Version: 0.8.0 found.
2020-12-04 17:58:12.878 - INFO - 6349 - azureml.automl.core.package_utilities._has_versionconflict_or_not_installed:277 - Package: patsy, Version: 0.5.1 found.
2020-12-04 17:58:12.879 - INFO - 6349 - azureml.automl.core.package_utilities._has_versionconflict_or_not_installed:277 - Package: pmdarima, Version: 1.1.1 found.
2020-12-04 17:58:12.879 - INFO - 6349 - azureml.automl.core.package_utilities._has_versionconflict_or_not_installed:277 - Package: portalocker, Version: 1.7.1 found.
2020-12-04 17:58:12.880 - INFO - 6349 - azureml.automl.core.package_utilities._has_versionconflict_or_not_installed:277 - Package: protobuf, Version: 3.13.0 found.
2020-12-04 17:58:12.880 - INFO - 6349 - azureml.automl.core.package_utilities._has_versionconflict_or_not_installed:277 - Package: psutil, Version: 5.7.3 found.
2020-12-04 17:58:12.880 - INFO - 6349 - azureml.automl.core.package_utilities._has_versionconflict_or_not_installed:277 - Package: py-cpuinfo, Version: 5.0.0 found.
2020-12-04 17:58:12.880 - INFO - 6349 - azureml.automl.core.package_utilities._has_versionconflict_or_not_installed:277 - Package: pyarrow, Version: 1.0.1 found.
2020-12-04 17:58:12.880 - INFO - 6349 - azureml.automl.core.package_utilities._has_versionconflict_or_not_installed:277 - Package: pyasn1, Version: 0.4.8 found.
2020-12-04 17:58:12.880 - INFO - 6349 - azureml.automl.core.package_utilities._has_versionconflict_or_not_installed:277 - Package: pycparser, Version: 2.20 found.
2020-12-04 17:58:12.881 - INFO - 6349 - azureml.automl.core.package_utilities._has_versionconflict_or_not_installed:277 - Package: pyjwt, Version: 1.7.1 found.
2020-12-04 17:58:12.881 - INFO - 6349 - azureml.automl.core.package_utilities._has_versionconflict_or_not_installed:277 - Package: pyopenssl, Version: 19.1.0 found.
2020-12-04 17:58:12.881 - INFO - 6349 - azureml.automl.core.package_utilities._has_versionconflict_or_not_installed:277 - Package: pyparsing, Version: 2.4.7 found.
2020-12-04 17:58:12.881 - INFO - 6349 - azureml.automl.core.package_utilities._has_versionconflict_or_not_installed:277 - Package: python-dateutil, Version: 2.8.1 found.
2020-12-04 17:58:12.881 - INFO - 6349 - azureml.automl.core.package_utilities._has_versionconflict_or_not_installed:277 - Package: pytz, Version: 2020.4 found.
2020-12-04 17:58:12.881 - INFO - 6349 - azureml.automl.core.package_utilities._has_versionconflict_or_not_installed:277 - Package: requests-oauthlib, Version: 1.3.0 found.
2020-12-04 17:58:12.882 - INFO - 6349 - azureml.automl.core.package_utilities._has_versionconflict_or_not_installed:277 - Package: requests, Version: 2.24.0 found.
2020-12-04 17:58:12.882 - INFO - 6349 - azureml.automl.core.package_utilities._has_versionconflict_or_not_installed:277 - Package: ruamel.yaml.clib, Version: 0.2.2 found.
2020-12-04 17:58:12.882 - INFO - 6349 - azureml.automl.core.package_utilities._has_versionconflict_or_not_installed:277 - Package: ruamel.yaml, Version: 0.16.12 found.
2020-12-04 17:58:12.882 - INFO - 6349 - azureml.automl.core.package_utilities._has_versionconflict_or_not_installed:277 - Package: s3transfer, Version: 0.3.3 found.
2020-12-04 17:58:12.882 - INFO - 6349 - azureml.automl.core.package_utilities._has_versionconflict_or_not_installed:277 - Package: scikit-learn, Version: 0.22.2.post1 found.
2020-12-04 17:58:12.882 - INFO - 6349 - azureml.automl.core.package_utilities._has_versionconflict_or_not_installed:277 - Package: scipy, Version: 1.5.2 found.
2020-12-04 17:58:12.883 - INFO - 6349 - azureml.automl.core.package_utilities._has_versionconflict_or_not_installed:277 - Package: secretstorage, Version: 3.1.2 found.
2020-12-04 17:58:12.883 - INFO - 6349 - azureml.automl.core.package_utilities._has_versionconflict_or_not_installed:277 - Package: shap, Version: 0.34.0 found.
2020-12-04 17:58:12.883 - INFO - 6349 - azureml.automl.core.package_utilities._has_versionconflict_or_not_installed:277 - Package: six, Version: 1.15.0 found.
2020-12-04 17:58:12.883 - INFO - 6349 - azureml.automl.core.package_utilities._has_versionconflict_or_not_installed:277 - Package: skl2onnx, Version: 1.4.9 found.
2020-12-04 17:58:12.883 - INFO - 6349 - azureml.automl.core.package_utilities._has_versionconflict_or_not_installed:277 - Package: sklearn-pandas, Version: 1.7.0 found.
2020-12-04 17:58:12.883 - INFO - 6349 - azureml.automl.core.package_utilities._has_versionconflict_or_not_installed:277 - Package: smart-open, Version: 1.9.0 found.
2020-12-04 17:58:12.883 - INFO - 6349 - azureml.automl.core.package_utilities._has_versionconflict_or_not_installed:277 - Package: statsmodels, Version: 0.10.2 found.
2020-12-04 17:58:12.884 - INFO - 6349 - azureml.automl.core.package_utilities._has_versionconflict_or_not_installed:277 - Package: termcolor, Version: 1.1.0 found.
2020-12-04 17:58:12.884 - INFO - 6349 - azureml.automl.core.package_utilities._has_versionconflict_or_not_installed:277 - Package: tqdm, Version: 4.51.0 found.
2020-12-04 17:58:12.884 - INFO - 6349 - azureml.automl.core.package_utilities._has_versionconflict_or_not_installed:277 - Package: typing-extensions, Version: 3.7.4.3 found.
2020-12-04 17:58:12.884 - INFO - 6349 - azureml.automl.core.package_utilities._has_versionconflict_or_not_installed:277 - Package: urllib3, Version: 1.25.11 found.
2020-12-04 17:58:12.884 - INFO - 6349 - azureml.automl.core.package_utilities._has_versionconflict_or_not_installed:277 - Package: websocket-client, Version: 0.57.0 found.
2020-12-04 17:58:12.884 - INFO - 6349 - azureml.automl.core.package_utilities._has_versionconflict_or_not_installed:277 - Package: werkzeug, Version: 1.0.1 found.
2020-12-04 17:58:12.885 - INFO - 6349 - azureml.automl.core.package_utilities._has_versionconflict_or_not_installed:277 - Package: zipp, Version: 3.4.0 found.
2020-12-04 17:58:12.885 - INFO - 6349 - azureml.automl.core.package_utilities._get_unverified_dependencies:315 - User has the following compatible packages installed:
adal==1.2.5
applicationinsights==0.11.9
azure-common==1.1.25
azure-core==1.8.2
azure-graphrbac==0.61.1
azure-identity==1.4.1
azure-mgmt-authorization==0.61.0
azure-mgmt-containerregistry==2.8.0
azure-mgmt-keyvault==2.2.0
azure-mgmt-resource==10.3.0
azure-mgmt-storage==11.2.0
azure-storage-queue==12.1.3
backports.tempfile==1.0
backports.weakref==1.0.post1
boto3==1.15.18
boto==2.49.0
botocore==1.18.18
certifi==2020.6.20
cffi==1.14.3
chardet==3.0.4
click==7.1.2
cloudpickle==1.6.0
configparser==3.7.4
contextlib2==0.6.0.post1
cryptography==3.2.1
cython==0.29.21
dill==0.3.3
distro==1.5.0
docker==4.3.1
dotnetcore2==2.1.17
fire==0.3.1
flask==1.0.3
fusepy==3.0.1
gensim==3.8.3
gunicorn==19.9.0
idna==2.10
importlib-metadata==2.0.0
interpret-community==0.15.3
interpret-core==0.2.1
isodate==0.6.0
itsdangerous==1.1.0
jeepney==0.4.3
jinja2==2.11.2
jmespath==0.10.0
joblib==0.14.1
json-logging-py==0.2
jsonpickle==1.4.1
keras2onnx==1.6.0
liac-arff==2.5.0
lightgbm==2.3.0
markupsafe==1.1.1
msal-extensions==0.2.2
msal==1.6.0
msrest==0.6.19
msrestazure==0.6.4
ndg-httpsclient==0.5.1
nimbusml==1.8.0
numpy==1.18.5
oauthlib==3.1.0
onnx==1.7.0
onnxconverter-common==1.6.0
onnxmltools==1.4.1
onnxruntime==1.3.0
packaging==20.4
pandas==0.25.3
pathspec==0.8.0
patsy==0.5.1
pmdarima==1.1.1
portalocker==1.7.1
protobuf==3.13.0
psutil==5.7.3
py-cpuinfo==5.0.0
pyarrow==1.0.1
pyasn1==0.4.8
pycparser==2.20
pyjwt==1.7.1
pyopenssl==19.1.0
pyparsing==2.4.7
python-dateutil==2.8.1
pytz==2020.4
requests-oauthlib==1.3.0
requests==2.24.0
ruamel.yaml.clib==0.2.2
ruamel.yaml==0.16.12
s3transfer==0.3.3
scikit-learn==0.22.2.post1
scipy==1.5.2
secretstorage==3.1.2
shap==0.34.0
six==1.15.0
skl2onnx==1.4.9
sklearn-pandas==1.7.0
smart-open==1.9.0
statsmodels==0.10.2
termcolor==1.1.0
tqdm==4.51.0
typing-extensions==3.7.4.3
urllib3==1.25.11
websocket-client==0.57.0
werkzeug==1.0.1
zipp==3.4.0
2020-12-04 17:58:12.885 - INFO - 6349 - azureml.automl.core.package_utilities._get_package_incompatibilities:468 - No package incompatibilities found.
2020-12-04 17:58:12.885 - INFO - 6349 - azureml.automl.core.package_utilities._log_activity:92 - ActivityCompleted: Activity=PackagesCheck, HowEnded=Success, Duration=276.2[ms]
2020-12-04 17:58:13.405 - INFO - 6349 - azureml.automl.core.package_utilities._log_activity:54 - ActivityStarted: PackagesCheck
2020-12-04 17:58:13.406 - INFO - 6349 - azureml.automl.core.package_utilities._has_versionconflict_or_not_installed:277 - Package: azureml-core, Version: 1.18.0 found.
2020-12-04 17:58:13.407 - INFO - 6349 - azureml.automl.core.package_utilities._has_versionconflict_or_not_installed:277 - Package: ipywidgets, Version: 7.5.1 found.
2020-12-04 17:58:13.408 - INFO - 6349 - azureml.automl.core.package_utilities._has_versionconflict_or_not_installed:277 - Package: azureml-telemetry, Version: 1.18.0 found.
2020-12-04 17:58:13.408 - INFO - 6349 - azureml.automl.core.package_utilities._has_versionconflict_or_not_installed:277 - Package: azureml-pipeline-core, Version: 1.18.0 found.
2020-12-04 17:58:13.409 - INFO - 6349 - azureml.automl.core.package_utilities._has_versionconflict_or_not_installed:277 - Package: azureml-train-core, Version: 1.18.0 found.
2020-12-04 17:58:13.409 - INFO - 6349 - azureml.automl.core.package_utilities._has_versionconflict_or_not_installed:277 - Package: azureml-train-automl-client, Version: 1.18.0 found.
2020-12-04 17:58:13.410 - INFO - 6349 - azureml.automl.core.package_utilities._has_versionconflict_or_not_installed:277 - Package: azureml-telemetry, Version: 1.18.0 found.
2020-12-04 17:58:13.410 - INFO - 6349 - azureml.automl.core.package_utilities._has_versionconflict_or_not_installed:277 - Package: azureml-dataset-runtime, Version: 1.18.0 found.
2020-12-04 17:58:13.411 - INFO - 6349 - azureml.automl.core.package_utilities._has_versionconflict_or_not_installed:277 - Package: azure-mgmt-keyvault, Version: 2.2.0 found.
2020-12-04 17:58:13.411 - INFO - 6349 - azureml.automl.core.package_utilities._has_versionconflict_or_not_installed:277 - Package: azure-common, Version: 1.1.25 found.
2020-12-04 17:58:13.411 - INFO - 6349 - azureml.automl.core.package_utilities._has_versionconflict_or_not_installed:277 - Package: msrestazure, Version: 0.6.4 found.
2020-12-04 17:58:13.411 - INFO - 6349 - azureml.automl.core.package_utilities._has_versionconflict_or_not_installed:277 - Package: pytz, Version: 2020.4 found.
2020-12-04 17:58:13.412 - INFO - 6349 - azureml.automl.core.package_utilities._has_versionconflict_or_not_installed:277 - Package: backports.tempfile, Version: 1.0 found.
2020-12-04 17:58:13.412 - INFO - 6349 - azureml.automl.core.package_utilities._has_versionconflict_or_not_installed:277 - Package: urllib3, Version: 1.25.11 found.
2020-12-04 17:58:13.414 - INFO - 6349 - azureml.automl.core.package_utilities._has_versionconflict_or_not_installed:277 - Package: cryptography, Version: 3.2.1 found.
2020-12-04 17:58:13.414 - INFO - 6349 - azureml.automl.core.package_utilities._has_versionconflict_or_not_installed:277 - Package: ruamel.yaml, Version: 0.16.12 found.
2020-12-04 17:58:13.414 - INFO - 6349 - azureml.automl.core.package_utilities._has_versionconflict_or_not_installed:277 - Package: jsonpickle, Version: 1.4.1 found.
2020-12-04 17:58:13.415 - INFO - 6349 - azureml.automl.core.package_utilities._has_versionconflict_or_not_installed:277 - Package: pyjwt, Version: 1.7.1 found.
2020-12-04 17:58:13.415 - INFO - 6349 - azureml.automl.core.package_utilities._has_versionconflict_or_not_installed:277 - Package: azure-mgmt-storage, Version: 11.2.0 found.
2020-12-04 17:58:13.415 - INFO - 6349 - azureml.automl.core.package_utilities._has_versionconflict_or_not_installed:277 - Package: azure-mgmt-resource, Version: 10.3.0 found.
2020-12-04 17:58:13.416 - INFO - 6349 - azureml.automl.core.package_utilities._has_versionconflict_or_not_installed:277 - Package: docker, Version: 4.3.1 found.
2020-12-04 17:58:13.416 - INFO - 6349 - azureml.automl.core.package_utilities._has_versionconflict_or_not_installed:277 - Package: adal, Version: 1.2.5 found.
2020-12-04 17:58:13.416 - INFO - 6349 - azureml.automl.core.package_utilities._has_versionconflict_or_not_installed:277 - Package: azure-graphrbac, Version: 0.61.1 found.
2020-12-04 17:58:13.416 - INFO - 6349 - azureml.automl.core.package_utilities._has_versionconflict_or_not_installed:277 - Package: pathspec, Version: 0.8.0 found.
2020-12-04 17:58:13.416 - INFO - 6349 - azureml.automl.core.package_utilities._has_versionconflict_or_not_installed:277 - Package: azure-mgmt-authorization, Version: 0.61.0 found.
2020-12-04 17:58:13.416 - INFO - 6349 - azureml.automl.core.package_utilities._has_versionconflict_or_not_installed:277 - Package: requests, Version: 2.24.0 found.
2020-12-04 17:58:13.417 - INFO - 6349 - azureml.automl.core.package_utilities._has_versionconflict_or_not_installed:277 - Package: msrest, Version: 0.6.19 found.
2020-12-04 17:58:13.417 - INFO - 6349 - azureml.automl.core.package_utilities._has_versionconflict_or_not_installed:277 - Package: ndg-httpsclient, Version: 0.5.1 found.
2020-12-04 17:58:13.417 - INFO - 6349 - azureml.automl.core.package_utilities._has_versionconflict_or_not_installed:277 - Package: jmespath, Version: 0.10.0 found.
2020-12-04 17:58:13.417 - INFO - 6349 - azureml.automl.core.package_utilities._has_versionconflict_or_not_installed:277 - Package: contextlib2, Version: 0.6.0.post1 found.
2020-12-04 17:58:13.417 - INFO - 6349 - azureml.automl.core.package_utilities._has_versionconflict_or_not_installed:277 - Package: pyopenssl, Version: 19.1.0 found.
2020-12-04 17:58:13.418 - INFO - 6349 - azureml.automl.core.package_utilities._has_versionconflict_or_not_installed:277 - Package: azure-mgmt-containerregistry, Version: 2.8.0 found.
2020-12-04 17:58:13.418 - INFO - 6349 - azureml.automl.core.package_utilities._has_versionconflict_or_not_installed:277 - Package: secretstorage, Version: 3.1.2 found.
2020-12-04 17:58:13.418 - INFO - 6349 - azureml.automl.core.package_utilities._has_versionconflict_or_not_installed:277 - Package: python-dateutil, Version: 2.8.1 found.
2020-12-04 17:58:13.418 - INFO - 6349 - azureml.automl.core.package_utilities._has_versionconflict_or_not_installed:277 - Package: azureml-core, Version: 1.18.0 found.
2020-12-04 17:58:13.419 - INFO - 6349 - azureml.automl.core.package_utilities._has_versionconflict_or_not_installed:277 - Package: statsmodels, Version: 0.10.2 found.
2020-12-04 17:58:13.419 - INFO - 6349 - azureml.automl.core.package_utilities._has_versionconflict_or_not_installed:277 - Package: boto3, Version: 1.15.18 found.
2020-12-04 17:58:13.419 - INFO - 6349 - azureml.automl.core.package_utilities._has_versionconflict_or_not_installed:277 - Package: sklearn-pandas, Version: 1.7.0 found.
2020-12-04 17:58:13.419 - INFO - 6349 - azureml.automl.core.package_utilities._has_versionconflict_or_not_installed:277 - Package: azure-storage-queue, Version: 12.1.3 found.
2020-12-04 17:58:13.419 - INFO - 6349 - azureml.automl.core.package_utilities._has_versionconflict_or_not_installed:277 - Package: jinja2, Version: 2.11.2 found.
2020-12-04 17:58:13.419 - INFO - 6349 - azureml.automl.core.package_utilities._has_versionconflict_or_not_installed:277 - Package: gensim, Version: 3.8.3 found.
2020-12-04 17:58:13.420 - INFO - 6349 - azureml.automl.core.package_utilities._has_versionconflict_or_not_installed:277 - Package: onnxconverter-common, Version: 1.6.0 found.
2020-12-04 17:58:13.420 - INFO - 6349 - azureml.automl.core.package_utilities._has_versionconflict_or_not_installed:277 - Package: azureml-train-automl-client, Version: 1.18.0 found.
2020-12-04 17:58:13.420 - INFO - 6349 - azureml.automl.core.package_utilities._has_versionconflict_or_not_installed:277 - Package: azureml-telemetry, Version: 1.18.0 found.
2020-12-04 17:58:13.421 - INFO - 6349 - azureml.automl.core.package_utilities._has_versionconflict_or_not_installed:277 - Package: azureml-dataset-runtime, Version: 1.18.0 found.
2020-12-04 17:58:13.421 - INFO - 6349 - azureml.automl.core.package_utilities._has_versionconflict_or_not_installed:277 - Package: scikit-learn, Version: 0.22.2.post1 found.
2020-12-04 17:58:13.422 - INFO - 6349 - azureml.automl.core.package_utilities._has_versionconflict_or_not_installed:277 - Package: smart-open, Version: 1.9.0 found.
2020-12-04 17:58:13.422 - INFO - 6349 - azureml.automl.core.package_utilities._has_versionconflict_or_not_installed:277 - Package: lightgbm, Version: 2.3.0 found.
2020-12-04 17:58:13.422 - INFO - 6349 - azureml.automl.core.package_utilities._has_versionconflict_or_not_installed:277 - Package: azureml-interpret, Version: 1.18.0 found.
2020-12-04 17:58:13.423 - INFO - 6349 - azureml.automl.core.package_utilities._has_versionconflict_or_not_installed:277 - Package: onnxruntime, Version: 1.3.0 found.
2020-12-04 17:58:13.423 - INFO - 6349 - azureml.automl.core.package_utilities._has_versionconflict_or_not_installed:277 - Package: azureml-defaults, Version: 1.18.0 found.
2020-12-04 17:58:13.423 - INFO - 6349 - azureml.automl.core.package_utilities._has_versionconflict_or_not_installed:277 - Package: onnxmltools, Version: 1.4.1 found.
2020-12-04 17:58:13.429 - INFO - 6349 - azureml.automl.core.package_utilities._has_versionconflict_or_not_installed:277 - Package: scipy, Version: 1.5.2 found.
2020-12-04 17:58:13.429 - INFO - 6349 - azureml.automl.core.package_utilities._has_versionconflict_or_not_installed:277 - Package: keras2onnx, Version: 1.6.0 found.
2020-12-04 17:58:13.429 - INFO - 6349 - azureml.automl.core.package_utilities._has_versionconflict_or_not_installed:277 - Package: pandas, Version: 0.25.3 found.
2020-12-04 17:58:13.429 - INFO - 6349 - azureml.automl.core.package_utilities._has_versionconflict_or_not_installed:277 - Package: skl2onnx, Version: 1.4.9 found.
2020-12-04 17:58:13.429 - INFO - 6349 - azureml.automl.core.package_utilities._has_versionconflict_or_not_installed:277 - Package: azureml-automl-core, Version: 1.18.0 found.
2020-12-04 17:58:13.430 - INFO - 6349 - azureml.automl.core.package_utilities._has_versionconflict_or_not_installed:277 - Package: onnx, Version: 1.7.0 found.
2020-12-04 17:58:13.430 - INFO - 6349 - azureml.automl.core.package_utilities._has_versionconflict_or_not_installed:277 - Package: azureml-automl-runtime, Version: 1.18.0 found.
2020-12-04 17:58:13.430 - INFO - 6349 - azureml.automl.core.package_utilities._has_versionconflict_or_not_installed:277 - Package: numpy, Version: 1.18.5 found.
2020-12-04 17:58:13.430 - INFO - 6349 - azureml.automl.core.package_utilities._has_versionconflict_or_not_installed:277 - Package: botocore, Version: 1.18.18 found.
2020-12-04 17:58:13.430 - INFO - 6349 - azureml.automl.core.package_utilities._has_versionconflict_or_not_installed:277 - Package: azureml-core, Version: 1.18.0 found.
2020-12-04 17:58:13.430 - INFO - 6349 - azureml.automl.core.package_utilities._has_versionconflict_or_not_installed:277 - Package: azureml-dataprep-rslex, Version: 1.2.2 found.
2020-12-04 17:58:13.431 - INFO - 6349 - azureml.automl.core.package_utilities._has_versionconflict_or_not_installed:277 - Package: azureml-dataprep-native, Version: 24.0.0 found.
2020-12-04 17:58:13.431 - INFO - 6349 - azureml.automl.core.package_utilities._has_versionconflict_or_not_installed:277 - Package: cloudpickle, Version: 1.6.0 found.
2020-12-04 17:58:13.431 - INFO - 6349 - azureml.automl.core.package_utilities._has_versionconflict_or_not_installed:277 - Package: azure-identity, Version: 1.4.1 found.
2020-12-04 17:58:13.431 - INFO - 6349 - azureml.automl.core.package_utilities._has_versionconflict_or_not_installed:277 - Package: dotnetcore2, Version: 2.1.17 found.
2020-12-04 17:58:13.431 - INFO - 6349 - azureml.automl.core.package_utilities._has_versionconflict_or_not_installed:277 - Package: statsmodels, Version: 0.10.2 found.
2020-12-04 17:58:13.431 - INFO - 6349 - azureml.automl.core.package_utilities._has_versionconflict_or_not_installed:277 - Package: boto3, Version: 1.15.18 found.
2020-12-04 17:58:13.432 - INFO - 6349 - azureml.automl.core.package_utilities._has_versionconflict_or_not_installed:277 - Package: sklearn-pandas, Version: 1.7.0 found.
2020-12-04 17:58:13.432 - INFO - 6349 - azureml.automl.core.package_utilities._has_versionconflict_or_not_installed:277 - Package: nimbusml, Version: 1.8.0 found.
2020-12-04 17:58:13.432 - INFO - 6349 - azureml.automl.core.package_utilities._has_versionconflict_or_not_installed:277 - Package: pmdarima, Version: 1.1.1 found.
2020-12-04 17:58:13.432 - INFO - 6349 - azureml.automl.core.package_utilities._has_versionconflict_or_not_installed:277 - Package: joblib, Version: 0.14.1 found.
2020-12-04 17:58:13.432 - INFO - 6349 - azureml.automl.core.package_utilities._has_versionconflict_or_not_installed:277 - Package: dill, Version: 0.3.3 found.
2020-12-04 17:58:13.433 - INFO - 6349 - azureml.automl.core.package_utilities._has_versionconflict_or_not_installed:277 - Package: azureml-dataset-runtime, Version: 1.18.0 found.
2020-12-04 17:58:13.433 - INFO - 6349 - azureml.automl.core.package_utilities._has_versionconflict_or_not_installed:277 - Package: gensim, Version: 3.8.3 found.
2020-12-04 17:58:13.433 - INFO - 6349 - azureml.automl.core.package_utilities._has_versionconflict_or_not_installed:277 - Package: onnxconverter-common, Version: 1.6.0 found.
2020-12-04 17:58:13.433 - INFO - 6349 - azureml.automl.core.package_utilities._has_versionconflict_or_not_installed:277 - Package: scikit-learn, Version: 0.22.2.post1 found.
2020-12-04 17:58:13.433 - INFO - 6349 - azureml.automl.core.package_utilities._has_versionconflict_or_not_installed:277 - Package: smart-open, Version: 1.9.0 found.
2020-12-04 17:58:13.433 - INFO - 6349 - azureml.automl.core.package_utilities._has_versionconflict_or_not_installed:277 - Package: lightgbm, Version: 2.3.0 found.
2020-12-04 17:58:13.433 - INFO - 6349 - azureml.automl.core.package_utilities._has_versionconflict_or_not_installed:277 - Package: onnxruntime, Version: 1.3.0 found.
2020-12-04 17:58:13.434 - INFO - 6349 - azureml.automl.core.package_utilities._has_versionconflict_or_not_installed:277 - Package: psutil, Version: 5.7.3 found.
2020-12-04 17:58:13.434 - INFO - 6349 - azureml.automl.core.package_utilities._has_versionconflict_or_not_installed:277 - Package: onnxmltools, Version: 1.4.1 found.
2020-12-04 17:58:13.434 - INFO - 6349 - azureml.automl.core.package_utilities._has_versionconflict_or_not_installed:277 - Package: scipy, Version: 1.5.2 found.
2020-12-04 17:58:13.434 - INFO - 6349 - azureml.automl.core.package_utilities._has_versionconflict_or_not_installed:277 - Package: keras2onnx, Version: 1.6.0 found.
2020-12-04 17:58:13.434 - INFO - 6349 - azureml.automl.core.package_utilities._has_versionconflict_or_not_installed:277 - Package: pandas, Version: 0.25.3 found.
2020-12-04 17:58:13.434 - INFO - 6349 - azureml.automl.core.package_utilities._has_versionconflict_or_not_installed:277 - Package: skl2onnx, Version: 1.4.9 found.
2020-12-04 17:58:13.435 - INFO - 6349 - azureml.automl.core.package_utilities._has_versionconflict_or_not_installed:277 - Package: azureml-automl-core, Version: 1.18.0 found.
2020-12-04 17:58:13.435 - INFO - 6349 - azureml.automl.core.package_utilities._has_versionconflict_or_not_installed:277 - Package: onnx, Version: 1.7.0 found.
2020-12-04 17:58:13.435 - INFO - 6349 - azureml.automl.core.package_utilities._has_versionconflict_or_not_installed:277 - Package: py-cpuinfo, Version: 5.0.0 found.
2020-12-04 17:58:13.435 - INFO - 6349 - azureml.automl.core.package_utilities._has_versionconflict_or_not_installed:277 - Package: numpy, Version: 1.18.5 found.
2020-12-04 17:58:13.435 - INFO - 6349 - azureml.automl.core.package_utilities._has_versionconflict_or_not_installed:277 - Package: botocore, Version: 1.18.18 found.
2020-12-04 17:58:13.436 - INFO - 6349 - azureml.automl.core.package_utilities._has_versionconflict_or_not_installed:277 - Package: interpret-community, Version: 0.15.3 found.
2020-12-04 17:58:13.436 - INFO - 6349 - azureml.automl.core.package_utilities._has_versionconflict_or_not_installed:277 - Package: msrest, Version: 0.6.19 found.
2020-12-04 17:58:13.436 - INFO - 6349 - azureml.automl.core.package_utilities._has_versionconflict_or_not_installed:277 - Package: requests, Version: 2.24.0 found.
2020-12-04 17:58:13.436 - INFO - 6349 - azureml.automl.core.package_utilities._has_versionconflict_or_not_installed:277 - Package: msrestazure, Version: 0.6.4 found.
2020-12-04 17:58:13.436 - INFO - 6349 - azureml.automl.core.package_utilities._has_versionconflict_or_not_installed:277 - Package: azureml-model-management-sdk, Version: 1.0.1b6.post1 found.
2020-12-04 17:58:13.436 - INFO - 6349 - azureml.automl.core.package_utilities._has_versionconflict_or_not_installed:277 - Package: json-logging-py, Version: 0.2 found.
2020-12-04 17:58:13.437 - INFO - 6349 - azureml.automl.core.package_utilities._has_versionconflict_or_not_installed:277 - Package: azureml-core, Version: 1.18.0 found.
2020-12-04 17:58:13.437 - INFO - 6349 - azureml.automl.core.package_utilities._has_versionconflict_or_not_installed:277 - Package: configparser, Version: 3.7.4 found.
2020-12-04 17:58:13.437 - INFO - 6349 - azureml.automl.core.package_utilities._has_versionconflict_or_not_installed:277 - Package: azureml-dataset-runtime, Version: 1.18.0 found.
2020-12-04 17:58:13.437 - INFO - 6349 - azureml.automl.core.package_utilities._has_versionconflict_or_not_installed:277 - Package: gunicorn, Version: 19.9.0 found.
2020-12-04 17:58:13.437 - INFO - 6349 - azureml.automl.core.package_utilities._has_versionconflict_or_not_installed:277 - Package: werkzeug, Version: 1.0.1 found.
2020-12-04 17:58:13.437 - INFO - 6349 - azureml.automl.core.package_utilities._has_versionconflict_or_not_installed:277 - Package: applicationinsights, Version: 0.11.9 found.
2020-12-04 17:58:13.438 - INFO - 6349 - azureml.automl.core.package_utilities._has_versionconflict_or_not_installed:277 - Package: flask, Version: 1.0.3 found.
2020-12-04 17:58:13.438 - INFO - 6349 - azureml.automl.core.package_utilities._has_versionconflict_or_not_installed:277 - Package: azureml-core, Version: 1.18.0 found.
2020-12-04 17:58:13.438 - INFO - 6349 - azureml.automl.core.package_utilities._has_versionconflict_or_not_installed:277 - Package: azureml-train-restclients-hyperdrive, Version: 1.18.0 found.
2020-12-04 17:58:13.438 - INFO - 6349 - azureml.automl.core.package_utilities._has_versionconflict_or_not_installed:277 - Package: azureml-telemetry, Version: 1.18.0 found.
2020-12-04 17:58:13.439 - INFO - 6349 - azureml.automl.core.package_utilities._has_versionconflict_or_not_installed:277 - Package: azureml-automl-core, Version: 1.18.0 found.
2020-12-04 17:58:13.439 - INFO - 6349 - azureml.automl.core.package_utilities._has_versionconflict_or_not_installed:277 - Package: azureml-core, Version: 1.18.0 found.
2020-12-04 17:58:13.439 - INFO - 6349 - azureml.automl.core.package_utilities._has_versionconflict_or_not_installed:277 - Package: azureml-telemetry, Version: 1.18.0 found.
2020-12-04 17:58:13.439 - INFO - 6349 - azureml.automl.core.package_utilities._has_versionconflict_or_not_installed:277 - Package: azureml-dataset-runtime, Version: 1.18.0 found.
2020-12-04 17:58:13.442 - INFO - 6349 - azureml.automl.core.package_utilities._has_versionconflict_or_not_installed:277 - Package: applicationinsights, Version: 0.11.9 found.
2020-12-04 17:58:13.442 - INFO - 6349 - azureml.automl.core.package_utilities._has_versionconflict_or_not_installed:277 - Package: azureml-core, Version: 1.18.0 found.
2020-12-04 17:58:13.442 - INFO - 6349 - azureml.automl.core.package_utilities._get_package_incompatibilities:401 - Verified requirements file validated_linux_requirements.txt found.
2020-12-04 17:58:13.576 - WARNING - 6349 - azureml.automl.core.package_utilities._all_dependencies_conda_list:339 - subprocess failed to get dependencies list from conda
2020-12-04 17:58:13.577 - INFO - 6349 - azureml.automl.core.package_utilities._has_versionconflict_or_not_installed:277 - Package: adal, Version: 1.2.5 found.
2020-12-04 17:58:13.577 - INFO - 6349 - azureml.automl.core.package_utilities._has_versionconflict_or_not_installed:277 - Package: applicationinsights, Version: 0.11.9 found.
2020-12-04 17:58:13.578 - INFO - 6349 - azureml.automl.core.package_utilities._has_versionconflict_or_not_installed:277 - Package: azure-common, Version: 1.1.25 found.
2020-12-04 17:58:13.579 - INFO - 6349 - azureml.automl.core.package_utilities._has_versionconflict_or_not_installed:277 - Package: azure-core, Version: 1.8.2 found.
2020-12-04 17:58:13.580 - INFO - 6349 - azureml.automl.core.package_utilities._has_versionconflict_or_not_installed:277 - Package: azure-graphrbac, Version: 0.61.1 found.
2020-12-04 17:58:13.582 - INFO - 6349 - azureml.automl.core.package_utilities._has_versionconflict_or_not_installed:277 - Package: azure-identity, Version: 1.4.1 found.
2020-12-04 17:58:13.582 - INFO - 6349 - azureml.automl.core.package_utilities._has_versionconflict_or_not_installed:277 - Package: azure-mgmt-authorization, Version: 0.61.0 found.
2020-12-04 17:58:13.582 - INFO - 6349 - azureml.automl.core.package_utilities._has_versionconflict_or_not_installed:277 - Package: azure-mgmt-containerregistry, Version: 2.8.0 found.
2020-12-04 17:58:13.583 - INFO - 6349 - azureml.automl.core.package_utilities._has_versionconflict_or_not_installed:277 - Package: azure-mgmt-keyvault, Version: 2.2.0 found.
2020-12-04 17:58:13.583 - INFO - 6349 - azureml.automl.core.package_utilities._has_versionconflict_or_not_installed:277 - Package: azure-mgmt-resource, Version: 10.3.0 found.
2020-12-04 17:58:13.584 - INFO - 6349 - azureml.automl.core.package_utilities._has_versionconflict_or_not_installed:277 - Package: azure-mgmt-storage, Version: 11.2.0 found.
2020-12-04 17:58:13.584 - INFO - 6349 - azureml.automl.core.package_utilities._has_versionconflict_or_not_installed:277 - Package: azure-storage-queue, Version: 12.1.3 found.
2020-12-04 17:58:13.584 - INFO - 6349 - azureml.automl.core.package_utilities._has_versionconflict_or_not_installed:277 - Package: backports.tempfile, Version: 1.0 found.
2020-12-04 17:58:13.584 - INFO - 6349 - azureml.automl.core.package_utilities._has_versionconflict_or_not_installed:277 - Package: backports.weakref, Version: 1.0.post1 found.
2020-12-04 17:58:13.585 - INFO - 6349 - azureml.automl.core.package_utilities._has_versionconflict_or_not_installed:277 - Package: boto3, Version: 1.15.18 found.
2020-12-04 17:58:13.585 - INFO - 6349 - azureml.automl.core.package_utilities._has_versionconflict_or_not_installed:277 - Package: boto, Version: 2.49.0 found.
2020-12-04 17:58:13.586 - INFO - 6349 - azureml.automl.core.package_utilities._has_versionconflict_or_not_installed:277 - Package: botocore, Version: 1.18.18 found.
2020-12-04 17:58:13.586 - INFO - 6349 - azureml.automl.core.package_utilities._has_versionconflict_or_not_installed:277 - Package: certifi, Version: 2020.6.20 found.
2020-12-04 17:58:13.586 - INFO - 6349 - azureml.automl.core.package_utilities._has_versionconflict_or_not_installed:277 - Package: cffi, Version: 1.14.3 found.
2020-12-04 17:58:13.586 - INFO - 6349 - azureml.automl.core.package_utilities._has_versionconflict_or_not_installed:277 - Package: chardet, Version: 3.0.4 found.
2020-12-04 17:58:13.587 - INFO - 6349 - azureml.automl.core.package_utilities._has_versionconflict_or_not_installed:277 - Package: click, Version: 7.1.2 found.
2020-12-04 17:58:13.587 - INFO - 6349 - azureml.automl.core.package_utilities._has_versionconflict_or_not_installed:277 - Package: cloudpickle, Version: 1.6.0 found.
2020-12-04 17:58:13.587 - INFO - 6349 - azureml.automl.core.package_utilities._has_versionconflict_or_not_installed:277 - Package: configparser, Version: 3.7.4 found.
2020-12-04 17:58:13.587 - INFO - 6349 - azureml.automl.core.package_utilities._has_versionconflict_or_not_installed:277 - Package: contextlib2, Version: 0.6.0.post1 found.
2020-12-04 17:58:13.587 - INFO - 6349 - azureml.automl.core.package_utilities._has_versionconflict_or_not_installed:277 - Package: cryptography, Version: 3.2.1 found.
2020-12-04 17:58:13.587 - INFO - 6349 - azureml.automl.core.package_utilities._has_versionconflict_or_not_installed:277 - Package: cython, Version: 0.29.21 found.
2020-12-04 17:58:13.587 - INFO - 6349 - azureml.automl.core.package_utilities._has_versionconflict_or_not_installed:277 - Package: dill, Version: 0.3.3 found.
2020-12-04 17:58:13.588 - INFO - 6349 - azureml.automl.core.package_utilities._has_versionconflict_or_not_installed:277 - Package: distro, Version: 1.5.0 found.
2020-12-04 17:58:13.588 - INFO - 6349 - azureml.automl.core.package_utilities._has_versionconflict_or_not_installed:277 - Package: docker, Version: 4.3.1 found.
2020-12-04 17:58:13.588 - INFO - 6349 - azureml.automl.core.package_utilities._has_versionconflict_or_not_installed:277 - Package: dotnetcore2, Version: 2.1.17 found.
2020-12-04 17:58:13.588 - INFO - 6349 - azureml.automl.core.package_utilities._has_versionconflict_or_not_installed:277 - Package: fire, Version: 0.3.1 found.
2020-12-04 17:58:13.588 - INFO - 6349 - azureml.automl.core.package_utilities._has_versionconflict_or_not_installed:277 - Package: flask, Version: 1.0.3 found.
2020-12-04 17:58:13.588 - INFO - 6349 - azureml.automl.core.package_utilities._has_versionconflict_or_not_installed:277 - Package: fusepy, Version: 3.0.1 found.
2020-12-04 17:58:13.588 - INFO - 6349 - azureml.automl.core.package_utilities._has_versionconflict_or_not_installed:277 - Package: gensim, Version: 3.8.3 found.
2020-12-04 17:58:13.588 - INFO - 6349 - azureml.automl.core.package_utilities._has_versionconflict_or_not_installed:277 - Package: gunicorn, Version: 19.9.0 found.
2020-12-04 17:58:13.589 - INFO - 6349 - azureml.automl.core.package_utilities._has_versionconflict_or_not_installed:277 - Package: idna, Version: 2.10 found.
2020-12-04 17:58:13.589 - INFO - 6349 - azureml.automl.core.package_utilities._has_versionconflict_or_not_installed:277 - Package: importlib-metadata, Version: 2.0.0 found.
2020-12-04 17:58:13.589 - INFO - 6349 - azureml.automl.core.package_utilities._has_versionconflict_or_not_installed:277 - Package: interpret-community, Version: 0.15.3 found.
2020-12-04 17:58:13.589 - INFO - 6349 - azureml.automl.core.package_utilities._has_versionconflict_or_not_installed:277 - Package: interpret-core, Version: 0.2.1 found.
2020-12-04 17:58:13.589 - INFO - 6349 - azureml.automl.core.package_utilities._has_versionconflict_or_not_installed:277 - Package: isodate, Version: 0.6.0 found.
2020-12-04 17:58:13.589 - INFO - 6349 - azureml.automl.core.package_utilities._has_versionconflict_or_not_installed:277 - Package: itsdangerous, Version: 1.1.0 found.
2020-12-04 17:58:13.589 - INFO - 6349 - azureml.automl.core.package_utilities._has_versionconflict_or_not_installed:277 - Package: jeepney, Version: 0.4.3 found.
2020-12-04 17:58:13.589 - INFO - 6349 - azureml.automl.core.package_utilities._has_versionconflict_or_not_installed:277 - Package: jinja2, Version: 2.11.2 found.
2020-12-04 17:58:13.590 - INFO - 6349 - azureml.automl.core.package_utilities._has_versionconflict_or_not_installed:277 - Package: jmespath, Version: 0.10.0 found.
2020-12-04 17:58:13.590 - INFO - 6349 - azureml.automl.core.package_utilities._has_versionconflict_or_not_installed:277 - Package: joblib, Version: 0.14.1 found.
2020-12-04 17:58:13.590 - INFO - 6349 - azureml.automl.core.package_utilities._has_versionconflict_or_not_installed:277 - Package: json-logging-py, Version: 0.2 found.
2020-12-04 17:58:13.590 - INFO - 6349 - azureml.automl.core.package_utilities._has_versionconflict_or_not_installed:277 - Package: jsonpickle, Version: 1.4.1 found.
2020-12-04 17:58:13.590 - INFO - 6349 - azureml.automl.core.package_utilities._has_versionconflict_or_not_installed:277 - Package: keras2onnx, Version: 1.6.0 found.
2020-12-04 17:58:13.590 - INFO - 6349 - azureml.automl.core.package_utilities._has_versionconflict_or_not_installed:277 - Package: liac-arff, Version: 2.5.0 found.
2020-12-04 17:58:13.590 - INFO - 6349 - azureml.automl.core.package_utilities._has_versionconflict_or_not_installed:277 - Package: lightgbm, Version: 2.3.0 found.
2020-12-04 17:58:13.590 - INFO - 6349 - azureml.automl.core.package_utilities._has_versionconflict_or_not_installed:277 - Package: markupsafe, Version: 1.1.1 found.
2020-12-04 17:58:13.591 - INFO - 6349 - azureml.automl.core.package_utilities._has_versionconflict_or_not_installed:277 - Package: msal-extensions, Version: 0.2.2 found.
2020-12-04 17:58:13.591 - INFO - 6349 - azureml.automl.core.package_utilities._has_versionconflict_or_not_installed:277 - Package: msal, Version: 1.6.0 found.
2020-12-04 17:58:13.591 - INFO - 6349 - azureml.automl.core.package_utilities._has_versionconflict_or_not_installed:277 - Package: msrest, Version: 0.6.19 found.
2020-12-04 17:58:13.591 - INFO - 6349 - azureml.automl.core.package_utilities._has_versionconflict_or_not_installed:277 - Package: msrestazure, Version: 0.6.4 found.
2020-12-04 17:58:13.591 - INFO - 6349 - azureml.automl.core.package_utilities._has_versionconflict_or_not_installed:277 - Package: ndg-httpsclient, Version: 0.5.1 found.
2020-12-04 17:58:13.591 - INFO - 6349 - azureml.automl.core.package_utilities._has_versionconflict_or_not_installed:277 - Package: nimbusml, Version: 1.8.0 found.
2020-12-04 17:58:13.591 - INFO - 6349 - azureml.automl.core.package_utilities._has_versionconflict_or_not_installed:277 - Package: numpy, Version: 1.18.5 found.
2020-12-04 17:58:13.591 - INFO - 6349 - azureml.automl.core.package_utilities._has_versionconflict_or_not_installed:277 - Package: oauthlib, Version: 3.1.0 found.
2020-12-04 17:58:13.592 - INFO - 6349 - azureml.automl.core.package_utilities._has_versionconflict_or_not_installed:277 - Package: onnx, Version: 1.7.0 found.
2020-12-04 17:58:13.592 - INFO - 6349 - azureml.automl.core.package_utilities._has_versionconflict_or_not_installed:277 - Package: onnxconverter-common, Version: 1.6.0 found.
2020-12-04 17:58:13.592 - INFO - 6349 - azureml.automl.core.package_utilities._has_versionconflict_or_not_installed:277 - Package: onnxmltools, Version: 1.4.1 found.
2020-12-04 17:58:13.592 - INFO - 6349 - azureml.automl.core.package_utilities._has_versionconflict_or_not_installed:277 - Package: onnxruntime, Version: 1.3.0 found.
2020-12-04 17:58:13.592 - INFO - 6349 - azureml.automl.core.package_utilities._has_versionconflict_or_not_installed:277 - Package: packaging, Version: 20.4 found.
2020-12-04 17:58:13.592 - INFO - 6349 - azureml.automl.core.package_utilities._has_versionconflict_or_not_installed:277 - Package: pandas, Version: 0.25.3 found.
2020-12-04 17:58:13.592 - INFO - 6349 - azureml.automl.core.package_utilities._has_versionconflict_or_not_installed:277 - Package: pathspec, Version: 0.8.0 found.
2020-12-04 17:58:13.592 - INFO - 6349 - azureml.automl.core.package_utilities._has_versionconflict_or_not_installed:277 - Package: patsy, Version: 0.5.1 found.
2020-12-04 17:58:13.592 - INFO - 6349 - azureml.automl.core.package_utilities._has_versionconflict_or_not_installed:277 - Package: pmdarima, Version: 1.1.1 found.
2020-12-04 17:58:13.593 - INFO - 6349 - azureml.automl.core.package_utilities._has_versionconflict_or_not_installed:277 - Package: portalocker, Version: 1.7.1 found.
2020-12-04 17:58:13.593 - INFO - 6349 - azureml.automl.core.package_utilities._has_versionconflict_or_not_installed:277 - Package: protobuf, Version: 3.13.0 found.
2020-12-04 17:58:13.593 - INFO - 6349 - azureml.automl.core.package_utilities._has_versionconflict_or_not_installed:277 - Package: psutil, Version: 5.7.3 found.
2020-12-04 17:58:13.593 - INFO - 6349 - azureml.automl.core.package_utilities._has_versionconflict_or_not_installed:277 - Package: py-cpuinfo, Version: 5.0.0 found.
2020-12-04 17:58:13.593 - INFO - 6349 - azureml.automl.core.package_utilities._has_versionconflict_or_not_installed:277 - Package: pyarrow, Version: 1.0.1 found.
2020-12-04 17:58:13.593 - INFO - 6349 - azureml.automl.core.package_utilities._has_versionconflict_or_not_installed:277 - Package: pyasn1, Version: 0.4.8 found.
2020-12-04 17:58:13.593 - INFO - 6349 - azureml.automl.core.package_utilities._has_versionconflict_or_not_installed:277 - Package: pycparser, Version: 2.20 found.
2020-12-04 17:58:13.594 - INFO - 6349 - azureml.automl.core.package_utilities._has_versionconflict_or_not_installed:277 - Package: pyjwt, Version: 1.7.1 found.
2020-12-04 17:58:13.594 - INFO - 6349 - azureml.automl.core.package_utilities._has_versionconflict_or_not_installed:277 - Package: pyopenssl, Version: 19.1.0 found.
2020-12-04 17:58:13.594 - INFO - 6349 - azureml.automl.core.package_utilities._has_versionconflict_or_not_installed:277 - Package: pyparsing, Version: 2.4.7 found.
2020-12-04 17:58:13.594 - INFO - 6349 - azureml.automl.core.package_utilities._has_versionconflict_or_not_installed:277 - Package: python-dateutil, Version: 2.8.1 found.
2020-12-04 17:58:13.594 - INFO - 6349 - azureml.automl.core.package_utilities._has_versionconflict_or_not_installed:277 - Package: pytz, Version: 2020.4 found.
2020-12-04 17:58:13.594 - INFO - 6349 - azureml.automl.core.package_utilities._has_versionconflict_or_not_installed:277 - Package: requests-oauthlib, Version: 1.3.0 found.
2020-12-04 17:58:13.594 - INFO - 6349 - azureml.automl.core.package_utilities._has_versionconflict_or_not_installed:277 - Package: requests, Version: 2.24.0 found.
2020-12-04 17:58:13.595 - INFO - 6349 - azureml.automl.core.package_utilities._has_versionconflict_or_not_installed:277 - Package: ruamel.yaml.clib, Version: 0.2.2 found.
2020-12-04 17:58:13.596 - INFO - 6349 - azureml.automl.core.package_utilities._has_versionconflict_or_not_installed:277 - Package: ruamel.yaml, Version: 0.16.12 found.
2020-12-04 17:58:13.596 - INFO - 6349 - azureml.automl.core.package_utilities._has_versionconflict_or_not_installed:277 - Package: s3transfer, Version: 0.3.3 found.
2020-12-04 17:58:13.597 - INFO - 6349 - azureml.automl.core.package_utilities._has_versionconflict_or_not_installed:277 - Package: scikit-learn, Version: 0.22.2.post1 found.
2020-12-04 17:58:13.597 - INFO - 6349 - azureml.automl.core.package_utilities._has_versionconflict_or_not_installed:277 - Package: scipy, Version: 1.5.2 found.
2020-12-04 17:58:13.597 - INFO - 6349 - azureml.automl.core.package_utilities._has_versionconflict_or_not_installed:277 - Package: secretstorage, Version: 3.1.2 found.
2020-12-04 17:58:13.598 - INFO - 6349 - azureml.automl.core.package_utilities._has_versionconflict_or_not_installed:277 - Package: shap, Version: 0.34.0 found.
2020-12-04 17:58:13.598 - INFO - 6349 - azureml.automl.core.package_utilities._has_versionconflict_or_not_installed:277 - Package: six, Version: 1.15.0 found.
2020-12-04 17:58:13.598 - INFO - 6349 - azureml.automl.core.package_utilities._has_versionconflict_or_not_installed:277 - Package: skl2onnx, Version: 1.4.9 found.
2020-12-04 17:58:13.598 - INFO - 6349 - azureml.automl.core.package_utilities._has_versionconflict_or_not_installed:277 - Package: sklearn-pandas, Version: 1.7.0 found.
2020-12-04 17:58:13.600 - INFO - 6349 - azureml.automl.core.package_utilities._has_versionconflict_or_not_installed:277 - Package: smart-open, Version: 1.9.0 found.
2020-12-04 17:58:13.600 - INFO - 6349 - azureml.automl.core.package_utilities._has_versionconflict_or_not_installed:277 - Package: statsmodels, Version: 0.10.2 found.
2020-12-04 17:58:13.605 - INFO - 6349 - azureml.automl.core.package_utilities._has_versionconflict_or_not_installed:277 - Package: termcolor, Version: 1.1.0 found.
2020-12-04 17:58:13.605 - INFO - 6349 - azureml.automl.core.package_utilities._has_versionconflict_or_not_installed:277 - Package: tqdm, Version: 4.51.0 found.
2020-12-04 17:58:13.605 - INFO - 6349 - azureml.automl.core.package_utilities._has_versionconflict_or_not_installed:277 - Package: typing-extensions, Version: 3.7.4.3 found.
2020-12-04 17:58:13.605 - INFO - 6349 - azureml.automl.core.package_utilities._has_versionconflict_or_not_installed:277 - Package: urllib3, Version: 1.25.11 found.
2020-12-04 17:58:13.607 - INFO - 6349 - azureml.automl.core.package_utilities._has_versionconflict_or_not_installed:277 - Package: websocket-client, Version: 0.57.0 found.
2020-12-04 17:58:13.607 - INFO - 6349 - azureml.automl.core.package_utilities._has_versionconflict_or_not_installed:277 - Package: werkzeug, Version: 1.0.1 found.
2020-12-04 17:58:13.607 - INFO - 6349 - azureml.automl.core.package_utilities._has_versionconflict_or_not_installed:277 - Package: zipp, Version: 3.4.0 found.
2020-12-04 17:58:13.607 - INFO - 6349 - azureml.automl.core.package_utilities._get_unverified_dependencies:315 - User has the following compatible packages installed:
adal==1.2.5
applicationinsights==0.11.9
azure-common==1.1.25
azure-core==1.8.2
azure-graphrbac==0.61.1
azure-identity==1.4.1
azure-mgmt-authorization==0.61.0
azure-mgmt-containerregistry==2.8.0
azure-mgmt-keyvault==2.2.0
azure-mgmt-resource==10.3.0
azure-mgmt-storage==11.2.0
azure-storage-queue==12.1.3
backports.tempfile==1.0
backports.weakref==1.0.post1
boto3==1.15.18
boto==2.49.0
botocore==1.18.18
certifi==2020.6.20
cffi==1.14.3
chardet==3.0.4
click==7.1.2
cloudpickle==1.6.0
configparser==3.7.4
contextlib2==0.6.0.post1
cryptography==3.2.1
cython==0.29.21
dill==0.3.3
distro==1.5.0
docker==4.3.1
dotnetcore2==2.1.17
fire==0.3.1
flask==1.0.3
fusepy==3.0.1
gensim==3.8.3
gunicorn==19.9.0
idna==2.10
importlib-metadata==2.0.0
interpret-community==0.15.3
interpret-core==0.2.1
isodate==0.6.0
itsdangerous==1.1.0
jeepney==0.4.3
jinja2==2.11.2
jmespath==0.10.0
joblib==0.14.1
json-logging-py==0.2
jsonpickle==1.4.1
keras2onnx==1.6.0
liac-arff==2.5.0
lightgbm==2.3.0
markupsafe==1.1.1
msal-extensions==0.2.2
msal==1.6.0
msrest==0.6.19
msrestazure==0.6.4
ndg-httpsclient==0.5.1
nimbusml==1.8.0
numpy==1.18.5
oauthlib==3.1.0
onnx==1.7.0
onnxconverter-common==1.6.0
onnxmltools==1.4.1
onnxruntime==1.3.0
packaging==20.4
pandas==0.25.3
pathspec==0.8.0
patsy==0.5.1
pmdarima==1.1.1
portalocker==1.7.1
protobuf==3.13.0
psutil==5.7.3
py-cpuinfo==5.0.0
pyarrow==1.0.1
pyasn1==0.4.8
pycparser==2.20
pyjwt==1.7.1
pyopenssl==19.1.0
pyparsing==2.4.7
python-dateutil==2.8.1
pytz==2020.4
requests-oauthlib==1.3.0
requests==2.24.0
ruamel.yaml.clib==0.2.2
ruamel.yaml==0.16.12
s3transfer==0.3.3
scikit-learn==0.22.2.post1
scipy==1.5.2
secretstorage==3.1.2
shap==0.34.0
six==1.15.0
skl2onnx==1.4.9
sklearn-pandas==1.7.0
smart-open==1.9.0
statsmodels==0.10.2
termcolor==1.1.0
tqdm==4.51.0
typing-extensions==3.7.4.3
urllib3==1.25.11
websocket-client==0.57.0
werkzeug==1.0.1
zipp==3.4.0
2020-12-04 17:58:13.607 - INFO - 6349 - azureml.automl.core.package_utilities._get_package_incompatibilities:468 - No package incompatibilities found.
2020-12-04 17:58:13.608 - INFO - 6349 - azureml.automl.core.package_utilities._log_activity:92 - ActivityCompleted: Activity=PackagesCheck, HowEnded=Success, Duration=202.23[ms]
