2020-12-04 18:31:45.448 - INFO - 38262 - azureml.train.automl._azureautomlclient.modify_run_configuration:199 - Package azureml-train-automl missing from dependencies file.
2020-12-04 18:31:45.448 - INFO - 38262 - azureml.train.automl._azureautomlclient.modify_run_configuration:205 - Using pinned version: azureml-train-automl==1.18.0.*
2020-12-04 18:31:45.448 - INFO - 38262 - azureml.train.automl._azureautomlclient.modify_run_configuration:199 - Package pandas missing from dependencies file.
2020-12-04 18:31:45.448 - INFO - 38262 - azureml.train.automl._azureautomlclient.modify_run_configuration:205 - Using pinned version: pandas==0.25.1
2020-12-04 18:31:45.449 - INFO - 38262 - azureml.train.automl._azureautomlclient.modify_run_configuration:199 - Package psutil missing from dependencies file.
2020-12-04 18:31:45.450 - INFO - 38262 - azureml.train.automl._azureautomlclient.modify_run_configuration:205 - Using pinned version: psutil>5.0.0,<6.0.0
2020-12-04 18:31:45.453 - INFO - 38262 - azureml.train.automl._azureautomlclient.modify_run_configuration:199 - Package scikit-learn missing from dependencies file.
2020-12-04 18:31:45.453 - INFO - 38262 - azureml.train.automl._azureautomlclient.modify_run_configuration:205 - Using pinned version: scikit-learn==0.22.1
2020-12-04 18:31:45.453 - INFO - 38262 - azureml.train.automl._azureautomlclient.modify_run_configuration:199 - Package numpy missing from dependencies file.
2020-12-04 18:31:45.453 - INFO - 38262 - azureml.train.automl._azureautomlclient.modify_run_configuration:205 - Using pinned version: numpy~=1.18.0
2020-12-04 18:31:45.454 - INFO - 38262 - azureml.train.automl._azureautomlclient.modify_run_configuration:199 - Package py-xgboost missing from dependencies file.
2020-12-04 18:31:45.456 - INFO - 38262 - azureml.train.automl._azureautomlclient.modify_run_configuration:205 - Using pinned version: py-xgboost<=0.90
2020-12-04 18:31:45.464 - INFO - 38262 - azureml.train.automl._azureautomlclient.modify_run_configuration:199 - Package inference-schema missing from dependencies file.
2020-12-04 18:31:45.465 - INFO - 38262 - azureml.train.automl._azureautomlclient.modify_run_configuration:199 - Package fbprophet missing from dependencies file.
2020-12-04 18:31:45.465 - INFO - 38262 - azureml.train.automl._azureautomlclient.modify_run_configuration:205 - Using pinned version: fbprophet==0.5
2020-12-04 18:31:45.467 - INFO - 38262 - azureml.train.automl._azureautomlclient.modify_run_configuration:199 - Package setuptools-git missing from dependencies file.
2020-12-04 18:31:45.467 - INFO - 38262 - azureml.train.automl._azureautomlclient.modify_run_configuration:209 - Using installed version: setuptools-git==1.2
2020-12-04 18:31:45.476 - INFO - 38262 - azureml.train.automl._azureautomlclient._validate_input:625 - Start data validation.
2020-12-04 18:31:48.712 - INFO - 38262 - azureml.train.automl._azureautomlclient._validate_input:636 - Validation service found the data has no errors.
2020-12-04 18:31:48.713 - INFO - 38262 - azureml.train.automl._azureautomlclient._create_parent_run_for_remote:510 - Start creating parent run.
2020-12-04 18:31:50.845 - INFO - 38262 - azureml.train.automl._azureautomlclient._create_parent_run_for_remote:530 - [ParentRunID:AutoML_c655baf6-23b7-4512-9f60-dcbcdb18cc58] Remote run using input X and y.
2020-12-04 18:31:50.931 - INFO - 38262 - azureml.train.automl._azureautomlclient._create_parent_run_for_remote:543 - Parent Run ID: AutoML_c655baf6-23b7-4512-9f60-dcbcdb18cc58
2020-12-04 18:31:50.931 - INFO - 38262 - azureml.train.automl._azureautomlclient._fit_remote_core:472 - Starting a snapshot run (snapshot_id : None)
