2020-12-13 18:14:47.387 - INFO - 6589 - azureml.train.automl._azureautomlclient.modify_run_configuration:199 - Package azureml-train-automl missing from dependencies file.
2020-12-13 18:14:47.389 - INFO - 6589 - azureml.train.automl._azureautomlclient.modify_run_configuration:205 - Using pinned version: azureml-train-automl==1.18.0.*
2020-12-13 18:14:47.390 - INFO - 6589 - azureml.train.automl._azureautomlclient.modify_run_configuration:199 - Package pandas missing from dependencies file.
2020-12-13 18:14:47.390 - INFO - 6589 - azureml.train.automl._azureautomlclient.modify_run_configuration:205 - Using pinned version: pandas==0.25.1
2020-12-13 18:14:47.391 - INFO - 6589 - azureml.train.automl._azureautomlclient.modify_run_configuration:199 - Package psutil missing from dependencies file.
2020-12-13 18:14:47.391 - INFO - 6589 - azureml.train.automl._azureautomlclient.modify_run_configuration:205 - Using pinned version: psutil>5.0.0,<6.0.0
2020-12-13 18:14:47.392 - INFO - 6589 - azureml.train.automl._azureautomlclient.modify_run_configuration:199 - Package scikit-learn missing from dependencies file.
2020-12-13 18:14:47.392 - INFO - 6589 - azureml.train.automl._azureautomlclient.modify_run_configuration:205 - Using pinned version: scikit-learn==0.22.1
2020-12-13 18:14:47.393 - INFO - 6589 - azureml.train.automl._azureautomlclient.modify_run_configuration:199 - Package numpy missing from dependencies file.
2020-12-13 18:14:47.393 - INFO - 6589 - azureml.train.automl._azureautomlclient.modify_run_configuration:205 - Using pinned version: numpy~=1.18.0
2020-12-13 18:14:47.393 - INFO - 6589 - azureml.train.automl._azureautomlclient.modify_run_configuration:199 - Package py-xgboost missing from dependencies file.
2020-12-13 18:14:47.393 - INFO - 6589 - azureml.train.automl._azureautomlclient.modify_run_configuration:205 - Using pinned version: py-xgboost<=0.90
2020-12-13 18:14:47.394 - INFO - 6589 - azureml.train.automl._azureautomlclient.modify_run_configuration:199 - Package inference-schema missing from dependencies file.
2020-12-13 18:14:47.394 - INFO - 6589 - azureml.train.automl._azureautomlclient.modify_run_configuration:199 - Package fbprophet missing from dependencies file.
2020-12-13 18:14:47.402 - INFO - 6589 - azureml.train.automl._azureautomlclient.modify_run_configuration:205 - Using pinned version: fbprophet==0.5
2020-12-13 18:14:47.403 - INFO - 6589 - azureml.train.automl._azureautomlclient.modify_run_configuration:199 - Package setuptools-git missing from dependencies file.
2020-12-13 18:14:47.403 - INFO - 6589 - azureml.train.automl._azureautomlclient.modify_run_configuration:209 - Using installed version: setuptools-git==1.2
2020-12-13 18:14:47.409 - INFO - 6589 - azureml.automl.core.dataset_utilities._save_datasets_to_json:148 - JSON serialization of input of type <class 'NoneType'> is un-supported.
2020-12-13 18:14:47.410 - INFO - 6589 - azureml.train.automl._azureautomlclient._validate_input:625 - Start data validation.
2020-12-13 18:14:47.441 - CRITICAL - 6589 - azureml.train.automl._azureautomlclient.log_traceback:222 - Type: Unclassified
Class: ValueError
Message: experiment_id should not be None.
Traceback:
  File "_azureautomlclient.py", line 632, in _validate_input
    validation_results = self._jasmine_client.post_validate_service(parent_run_dto)
  File "jasmine_client.py", line 59, in post_validate_service
    self._client.jasmine.validate_run_input, create_parent_run_dto)
  File "experiment_client.py", line 261, in _execute_with_experimentid_arguments
    raise ValueError("experiment_id should not be None.")

ExceptionTarget: Unspecified
2020-12-13 18:14:47.441 - WARNING - 6589 - azureml.train.automl._azureautomlclient._validate_input:640 - Validation service meet exceptions, continue training now.
2020-12-13 18:56:24.873 - INFO - 6589 - azureml.automl.runtime.featurization.data_transformer._logger_wrapper:81 - Feature sweeping enabled: False
2020-12-13 18:56:24.873 - INFO - 6589 - azureml.automl.runtime.featurization.data_transformer._logger_wrapper:81 - Feature sweeping timeout: 86400
2020-12-13 18:56:24.874 - INFO - 6589 - azureml.automl.runtime.featurization.data_transformer._logger_wrapper:81 - Feature sweeping enabled: False
2020-12-13 18:56:24.875 - INFO - 6589 - azureml.automl.runtime.featurization.data_transformer._logger_wrapper:81 - Feature sweeping timeout: 86400
2020-12-13 18:56:34.093 - INFO - 6589 - azureml.automl.runtime.featurization.data_transformer._logger_wrapper:81 - Starting to apply transforms. Total ram: 14706561024 bytes
2020-12-13 18:56:34.096 - INFO - 6589 - azureml.automl.runtime.featurization.data_transformer._logger_wrapper:81 - Transform memory estimate: 0 bytes, Current available memory: 11371479040 bytes
2020-12-13 18:56:34.103 - INFO - 6589 - azureml.automl.runtime.featurization.data_transformer._logger_wrapper:81 - SimpleImputer: Applying transform.
2020-12-13 18:56:34.107 - INFO - 6589 - azureml.automl.runtime.featurization.data_transformer._logger_wrapper:81 - SimpleImputer: Finished applying transform. Shape (32950, 1)
2020-12-13 18:56:34.107 - INFO - 6589 - azureml.automl.runtime.featurization.data_transformer._logger_wrapper:81 - Transform memory estimate: 0 bytes, Current available memory: 11371479040 bytes
2020-12-13 18:56:34.107 - INFO - 6589 - azureml.automl.runtime.featurization.data_transformer._logger_wrapper:81 - SimpleImputer: Applying transform.
2020-12-13 18:56:34.110 - INFO - 6589 - azureml.automl.runtime.featurization.data_transformer._logger_wrapper:81 - SimpleImputer: Finished applying transform. Shape (32950, 1)
2020-12-13 18:56:34.111 - INFO - 6589 - azureml.automl.runtime.featurization.data_transformer._logger_wrapper:81 - Transform memory estimate: 0 bytes, Current available memory: 11371479040 bytes
2020-12-13 18:56:34.111 - INFO - 6589 - azureml.automl.runtime.featurization.data_transformer._logger_wrapper:81 - SimpleImputer: Applying transform.
2020-12-13 18:56:34.114 - INFO - 6589 - azureml.automl.runtime.featurization.data_transformer._logger_wrapper:81 - SimpleImputer: Finished applying transform. Shape (32950, 1)
2020-12-13 18:56:34.115 - INFO - 6589 - azureml.automl.runtime.featurization.data_transformer._logger_wrapper:81 - Transform memory estimate: 0 bytes, Current available memory: 11371479040 bytes
2020-12-13 18:56:34.115 - INFO - 6589 - azureml.automl.runtime.featurization.data_transformer._logger_wrapper:81 - SimpleImputer: Applying transform.
2020-12-13 18:56:34.118 - INFO - 6589 - azureml.automl.runtime.featurization.data_transformer._logger_wrapper:81 - SimpleImputer: Finished applying transform. Shape (32950, 1)
2020-12-13 18:56:34.118 - INFO - 6589 - azureml.automl.runtime.featurization.data_transformer._logger_wrapper:81 - Transform memory estimate: 0 bytes, Current available memory: 11371479040 bytes
2020-12-13 18:56:34.118 - INFO - 6589 - azureml.automl.runtime.featurization.data_transformer._logger_wrapper:81 - SimpleImputer: Applying transform.
2020-12-13 18:56:34.121 - INFO - 6589 - azureml.automl.runtime.featurization.data_transformer._logger_wrapper:81 - SimpleImputer: Finished applying transform. Shape (32950, 1)
2020-12-13 18:56:34.122 - INFO - 6589 - azureml.automl.runtime.featurization.data_transformer._logger_wrapper:81 - Transform memory estimate: 0 bytes, Current available memory: 11371257856 bytes
2020-12-13 18:56:34.122 - INFO - 6589 - azureml.automl.runtime.featurization.data_transformer._logger_wrapper:81 - SimpleImputer: Applying transform.
2020-12-13 18:56:34.124 - INFO - 6589 - azureml.automl.runtime.featurization.data_transformer._logger_wrapper:81 - SimpleImputer: Finished applying transform. Shape (32950, 1)
2020-12-13 18:56:34.125 - INFO - 6589 - azureml.automl.runtime.featurization.data_transformer._logger_wrapper:81 - Transform memory estimate: 0 bytes, Current available memory: 11371003904 bytes
2020-12-13 18:56:34.125 - INFO - 6589 - azureml.automl.runtime.featurization.data_transformer._logger_wrapper:81 - SimpleImputer: Applying transform.
2020-12-13 18:56:34.127 - INFO - 6589 - azureml.automl.runtime.featurization.data_transformer._logger_wrapper:81 - SimpleImputer: Finished applying transform. Shape (32950, 1)
2020-12-13 18:56:34.127 - INFO - 6589 - azureml.automl.runtime.featurization.data_transformer._logger_wrapper:81 - Transform memory estimate: 0 bytes, Current available memory: 11370749952 bytes
2020-12-13 18:56:34.127 - INFO - 6589 - azureml.automl.runtime.featurization.data_transformer._logger_wrapper:81 - StringCastTransformer,CountVectorizer: Applying transform.
2020-12-13 18:56:34.277 - INFO - 6589 - azureml.automl.runtime.featurization.data_transformer._logger_wrapper:81 - StringCastTransformer,CountVectorizer: Finished applying transform. Shape (32950, 12)
2020-12-13 18:56:34.278 - INFO - 6589 - azureml.automl.runtime.featurization.data_transformer._logger_wrapper:81 - Transform memory estimate: 0 bytes, Current available memory: 11368812544 bytes
2020-12-13 18:56:34.278 - INFO - 6589 - azureml.automl.runtime.featurization.data_transformer._logger_wrapper:81 - StringCastTransformer,CountVectorizer: Applying transform.
2020-12-13 18:56:34.397 - INFO - 6589 - azureml.automl.runtime.featurization.data_transformer._logger_wrapper:81 - StringCastTransformer,CountVectorizer: Finished applying transform. Shape (32950, 4)
2020-12-13 18:56:34.397 - INFO - 6589 - azureml.automl.runtime.featurization.data_transformer._logger_wrapper:81 - Transform memory estimate: 0 bytes, Current available memory: 11368685568 bytes
2020-12-13 18:56:34.397 - INFO - 6589 - azureml.automl.runtime.featurization.data_transformer._logger_wrapper:81 - StringCastTransformer,CountVectorizer: Applying transform.
2020-12-13 18:56:34.517 - INFO - 6589 - azureml.automl.runtime.featurization.data_transformer._logger_wrapper:81 - StringCastTransformer,CountVectorizer: Finished applying transform. Shape (32950, 8)
2020-12-13 18:56:34.518 - INFO - 6589 - azureml.automl.runtime.featurization.data_transformer._logger_wrapper:81 - Transform memory estimate: 0 bytes, Current available memory: 11368685568 bytes
2020-12-13 18:56:34.518 - INFO - 6589 - azureml.automl.runtime.featurization.data_transformer._logger_wrapper:81 - StringCastTransformer,CountVectorizer: Applying transform.
2020-12-13 18:56:34.635 - INFO - 6589 - azureml.automl.runtime.featurization.data_transformer._logger_wrapper:81 - StringCastTransformer,CountVectorizer: Finished applying transform. Shape (32950, 3)
2020-12-13 18:56:34.635 - INFO - 6589 - azureml.automl.runtime.featurization.data_transformer._logger_wrapper:81 - Transform memory estimate: 0 bytes, Current available memory: 11368210432 bytes
2020-12-13 18:56:34.635 - INFO - 6589 - azureml.automl.runtime.featurization.data_transformer._logger_wrapper:81 - StringCastTransformer,CountVectorizer: Applying transform.
2020-12-13 18:56:34.751 - INFO - 6589 - azureml.automl.runtime.featurization.data_transformer._logger_wrapper:81 - StringCastTransformer,CountVectorizer: Finished applying transform. Shape (32950, 3)
2020-12-13 18:56:34.752 - INFO - 6589 - azureml.automl.runtime.featurization.data_transformer._logger_wrapper:81 - Transform memory estimate: 0 bytes, Current available memory: 11367956480 bytes
2020-12-13 18:56:34.752 - INFO - 6589 - azureml.automl.runtime.featurization.data_transformer._logger_wrapper:81 - StringCastTransformer,CountVectorizer: Applying transform.
2020-12-13 18:56:34.883 - INFO - 6589 - azureml.automl.runtime.featurization.data_transformer._logger_wrapper:81 - StringCastTransformer,CountVectorizer: Finished applying transform. Shape (32950, 3)
2020-12-13 18:56:34.884 - INFO - 6589 - azureml.automl.runtime.featurization.data_transformer._logger_wrapper:81 - Transform memory estimate: 0 bytes, Current available memory: 11367829504 bytes
2020-12-13 18:56:34.884 - INFO - 6589 - azureml.automl.runtime.featurization.data_transformer._logger_wrapper:81 - CatImputer,StringCastTransformer,LabelEncoderTransformer: Applying transform.
2020-12-13 18:56:34.909 - INFO - 6589 - azureml.automl.runtime.featurization.data_transformer._logger_wrapper:81 - CatImputer,StringCastTransformer,LabelEncoderTransformer: Finished applying transform. Shape (32950, 1)
2020-12-13 18:56:34.909 - INFO - 6589 - azureml.automl.runtime.featurization.data_transformer._logger_wrapper:81 - Transform memory estimate: 0 bytes, Current available memory: 11365797888 bytes
2020-12-13 18:56:34.909 - INFO - 6589 - azureml.automl.runtime.featurization.data_transformer._logger_wrapper:81 - StringCastTransformer,CountVectorizer: Applying transform.
2020-12-13 18:56:35.030 - INFO - 6589 - azureml.automl.runtime.featurization.data_transformer._logger_wrapper:81 - StringCastTransformer,CountVectorizer: Finished applying transform. Shape (32950, 10)
2020-12-13 18:56:35.031 - INFO - 6589 - azureml.automl.runtime.featurization.data_transformer._logger_wrapper:81 - Transform memory estimate: 0 bytes, Current available memory: 11365670912 bytes
2020-12-13 18:56:35.031 - INFO - 6589 - azureml.automl.runtime.featurization.data_transformer._logger_wrapper:81 - StringCastTransformer,CountVectorizer: Applying transform.
2020-12-13 18:56:35.159 - INFO - 6589 - azureml.automl.runtime.featurization.data_transformer._logger_wrapper:81 - StringCastTransformer,CountVectorizer: Finished applying transform. Shape (32950, 5)
2020-12-13 18:56:35.160 - INFO - 6589 - azureml.automl.runtime.featurization.data_transformer._logger_wrapper:81 - Transform memory estimate: 0 bytes, Current available memory: 11365670912 bytes
2020-12-13 18:56:35.160 - INFO - 6589 - azureml.automl.runtime.featurization.data_transformer._logger_wrapper:81 - StringCastTransformer,CountVectorizer: Applying transform.
2020-12-13 18:56:35.319 - INFO - 6589 - azureml.automl.runtime.featurization.data_transformer._logger_wrapper:81 - StringCastTransformer,CountVectorizer: Finished applying transform. Shape (32950, 39)
2020-12-13 18:56:35.320 - INFO - 6589 - azureml.automl.runtime.featurization.data_transformer._logger_wrapper:81 - Transform memory estimate: 0 bytes, Current available memory: 11364274176 bytes
2020-12-13 18:56:35.320 - INFO - 6589 - azureml.automl.runtime.featurization.data_transformer._logger_wrapper:81 - StringCastTransformer,CountVectorizer: Applying transform.
2020-12-13 18:56:35.459 - INFO - 6589 - azureml.automl.runtime.featurization.data_transformer._logger_wrapper:81 - StringCastTransformer,CountVectorizer: Finished applying transform. Shape (32950, 26)
2020-12-13 18:56:35.459 - INFO - 6589 - azureml.automl.runtime.featurization.data_transformer._logger_wrapper:81 - Transform memory estimate: 0 bytes, Current available memory: 11364085760 bytes
2020-12-13 18:56:35.459 - INFO - 6589 - azureml.automl.runtime.featurization.data_transformer._logger_wrapper:81 - StringCastTransformer,CountVectorizer: Applying transform.
2020-12-13 18:56:35.596 - INFO - 6589 - azureml.automl.runtime.featurization.data_transformer._logger_wrapper:81 - StringCastTransformer,CountVectorizer: Finished applying transform. Shape (32950, 8)
2020-12-13 18:56:35.596 - INFO - 6589 - azureml.automl.runtime.featurization.data_transformer._logger_wrapper:81 - Transform memory estimate: 0 bytes, Current available memory: 11364118528 bytes
2020-12-13 18:56:35.597 - INFO - 6589 - azureml.automl.runtime.featurization.data_transformer._logger_wrapper:81 - StringCastTransformer,CountVectorizer: Applying transform.
2020-12-13 18:56:35.733 - INFO - 6589 - azureml.automl.runtime.featurization.data_transformer._logger_wrapper:81 - StringCastTransformer,CountVectorizer: Finished applying transform. Shape (32950, 3)
2020-12-13 18:56:35.736 - INFO - 6589 - azureml.automl.runtime.featurization.data_transformer._logger_wrapper:81 - Finished applying transforms
2020-12-13 18:56:35.741 - INFO - 6589 - azureml.automl.runtime.shared.memory_utilities._is_low_memory:208 - Total ram: 14706561024 bytes, Current Available memory: 11364126720 bytes. Low memory threshold: 0.5
